"a","Outside edit","","","1657639669831","Main.java","1.1.3 for 2021-2022 @t1",
"a","Outside edit","","","1657639669831",".gitignore","1.1.3 for 2021-2022 @t1",
"a","Outside edit","","","1657639669831","Main.kt","1.1.3 for 2021-2022 @t1",
"a","Outside edit","","","1657639669832","Person.java","1.1.3 for 2021-2022 @t1",
"a","Outside edit","","","1657639669832","Person.java","1.1.3 for 2021-2022 @t1",
"a","Outside edit","","","1657639669832","test.txt","1.1.3 for 2021-2022 @t1",
"e","","No Phanon history found: /Users/josephditton/school/summer2022/1410/MethodAndConstructorOverloading/showyourwork/showyourwork.log Player unable to render
","0","1657639669832","test.txt","1.1.3 for 2021-2022 @t1",
"e","","","0","1657639669832","test.txt","1.1.3 for 2021-2022 @t1",
"a","Outside edit","","","1657639669832","Indentification.java","1.1.3 for 2021-2022 @t1",
"a","Outside edit","","","1657639669833","Identification.java","1.1.3 for 2021-2022 @t1",
"a","ShowYourWork Init","","","000","ShowYourWork Init","1.1.3 for 2021-2022 @t1",
"a","Outside edit","","","1657643104264","Main.java","1.1.3 for 2021-2022 @t1",
"a","Outside edit","","","1657643104264",".gitignore","1.1.3 for 2021-2022 @t1",
"a","Outside edit","","","1657643104277","Student.java","1.1.3 for 2021-2022 @t1",
"a","Outside edit","","","1657643104300","Course.java","1.1.3 for 2021-2022 @t1",
"a","Outside edit","","","1657643104310","School.java","1.1.3 for 2021-2022 @t1",
"a","Outside edit","","","1657643104332","Main.java","1.1.3 for 2021-2022 @t1",
"a","Outside edit","","","1657643104332",".gitignore","1.1.3 for 2021-2022 @t1",
"a","Outside edit","","","1657643104356","Main.java","1.1.3 for 2021-2022 @t1",
"a","Outside edit","","","1657643104356",".gitignore","1.1.3 for 2021-2022 @t1",
"a","Outside edit","","","1657643104367","Student.java","1.1.3 for 2021-2022 @t1",
"a","Outside edit","","","1657643104389","Course.java","1.1.3 for 2021-2022 @t1",
"a","Outside edit","","","1657643104400","School.java","1.1.3 for 2021-2022 @t1",
"a","ShowYourWork Init","","","000","ShowYourWork Init","1.1.3 for 2021-2022 @t1",
"a","Outside edit","","","1657725958080","Main.java","1.1.3 for 2021-2022 @t1",
"a","Outside edit","","","1657725958081",".gitignore","1.1.3 for 2021-2022 @t1",
"a","Outside edit","","","1657725958291","Main.java","1.1.3 for 2021-2022 @t1",
"a","Outside edit","","","1657725958292",".gitignore","1.1.3 for 2021-2022 @t1",
"a","Outside edit","","","1657725958369","Main.java","1.1.3 for 2021-2022 @t1",
"a","Outside edit","","","1657725958369",".gitignore","1.1.3 for 2021-2022 @t1",
"a","ShowYourWork Init","","","000","ShowYourWork Init","1.1.3 for 2021-2022 @t1",
"a","Outside edit","","","1657729253400","Main.java","1.1.3 for 2021-2022 @t1",
"a","Outside edit","","","1657729253400",".gitignore","1.1.3 for 2021-2022 @t1",
"a","Outside edit","","","1657729253471","Main.java","1.1.3 for 2021-2022 @t1",
"a","Outside edit","","","1657729253472",".gitignore","1.1.3 for 2021-2022 @t1",
"a","Outside edit","","","1657729253497","Main.java","1.1.3 for 2021-2022 @t1",
"a","Outside edit","","","1657729253497",".gitignore","1.1.3 for 2021-2022 @t1",
"a","Outside edit","","","1657729253585","Main.java","1.1.3 for 2021-2022 @t1",
"a","Outside edit","","","1657729253585",".gitignore","1.1.3 for 2021-2022 @t1",
"a","Outside edit","","","1657729253683","Main.java","1.1.3 for 2021-2022 @t1",
"a","Outside edit","","","1657729253684",".gitignore","1.1.3 for 2021-2022 @t1",
"a","Outside edit","","","1657729253756","Main.java","1.1.3 for 2021-2022 @t1",
"a","Outside edit","","","1657729253756",".gitignore","1.1.3 for 2021-2022 @t1",
"a","Outside edit","","","1657729253785","Main.java","1.1.3 for 2021-2022 @t1",
"a","Outside edit","","","1657729253785",".gitignore","1.1.3 for 2021-2022 @t1",
"a","ShowYourWork Init","","","000","ShowYourWork Init","1.1.3 for 2021-2022 @t1",
