/src/com/usu/Main.java
/.idea/.gitignore
/src/main/kotlin/Main.kt
/src/com/usu/Person.java
/src/com/usu/person/Person.java
/test.txt
/src/com/usu/person/Indentification.java
/src/com/usu/person/Identification.java
/src/Student.java
/src/com/usu/Student.java
/src/com/usu/Course.java
/src/com/usu/School.java
/src/com/usu/MyStringBuilder.java
/src/com/usu/Main.java
/.idea/.gitignore
/src/main/kotlin/Main.kt
/src/com/usu/Person.java
/src/com/usu/person/Person.java
/test.txt
/src/com/usu/person/Indentification.java
/src/com/usu/person/Identification.java
/src/com/usu/Main.java
/.idea/.gitignore
/src/main/kotlin/Main.kt
/src/com/usu/Person.java
/src/com/usu/person/Person.java
/test.txt
/src/com/usu/person/Indentification.java
/src/com/usu/person/Identification.java
/src/Student.java
/src/com/usu/Student.java
/src/com/usu/Course.java
/src/com/usu/School.java
/src/com/usu/MyStringBuilder.java
/src/com/usu/AssignmentSubmission.java
