"a","Outside edit","","","1657296784009","Main.java","1.1.3 for 2021-2022 @t1",
"a","Outside edit","","","1657296784009",".gitignore","1.1.3 for 2021-2022 @t1",
"a","Outside edit","","","1657296784010","Main.kt","1.1.3 for 2021-2022 @t1",
"a","ShowYourWork Init","","","000","ShowYourWork Init","1.1.3 for 2021-2022 @t1",
"a","Outside edit","","","1657552514524",".gitignore","1.1.3 for 2021-2022 @t1",
"a","Outside edit","","","1657552514528","Person.java","1.1.3 for 2021-2022 @t1",
"a","ShowYourWork Init","","","000","ShowYourWork Init","1.1.3 for 2021-2022 @t1",
"e","Hello, world!","","0","1657552846821","test.txt","1.1.3 for 2021-2022 @t1",
"e","
Hello, world, again!","","13","1657552866094","test.txt","1.1.3 for 2021-2022 @t1",
"a","Outside edit","","","1657642983285",".gitignore","1.1.3 for 2021-2022 @t1",
"a","Outside edit","","","1657642983302","Person.java","1.1.3 for 2021-2022 @t1",
"a","Outside edit","","","1657642983314","Indentification.java","1.1.3 for 2021-2022 @t1",
"a","Outside edit","","","1657642983322","Student.java","1.1.3 for 2021-2022 @t1",
"a","Outside edit","","","1657642983355",".gitignore","1.1.3 for 2021-2022 @t1",
"a","Outside edit","","","1657642983369","Person.java","1.1.3 for 2021-2022 @t1",
"a","Outside edit","","","1657642983379","Indentification.java","1.1.3 for 2021-2022 @t1",
"a","ShowYourWork Init","","","000","ShowYourWork Init","1.1.3 for 2021-2022 @t1",
"a","Outside edit","","","1657726243563",".gitignore","1.1.3 for 2021-2022 @t1",
"a","Outside edit","","","1657726243628",".gitignore","1.1.3 for 2021-2022 @t1",
"a","Outside edit","","","1657726243670",".gitignore","1.1.3 for 2021-2022 @t1",
"a","Outside edit","","","1657726243741",".gitignore","1.1.3 for 2021-2022 @t1",
"a","ShowYourWork Init","","","000","ShowYourWork Init","1.1.3 for 2021-2022 @t1",
