"e","","No Phanon history found: /Users/josephditton/school/summer2022/1410/Inheritance/src/com/usu/person/showyourwork/showyourwork.log Player unable to render
","0","1657726652932","Person.java","1.1.3 for 2021-2022 @t1",
"e","","","0","1657726652932","Person.java","1.1.3 for 2021-2022 @t1",
"e","","No Phanon history found: /Users/josephditton/school/summer2022/1410/Inheritance/src/com/usu/person/showyourwork/showyourwork.log Player unable to render
","0","1657726652933","Indentification.java","1.1.3 for 2021-2022 @t1",
"e","","","0","1657726652933","Indentification.java","1.1.3 for 2021-2022 @t1",
"e","","No Phanon history found: /Users/josephditton/school/summer2022/1410/Inheritance/src/com/usu/person/showyourwork/showyourwork.log Player unable to render
","0","1657726652933","Identification.java","1.1.3 for 2021-2022 @t1",
"e","","","0","1657726652933","Identification.java","1.1.3 for 2021-2022 @t1",
"e","","No Phanon history found: /Users/josephditton/school/summer2022/1410/Inheritance/src/com/usu/person/showyourwork/showyourwork.log Player unable to render
","0","1657726652934","Person.java","1.1.3 for 2021-2022 @t1",
"e","","","0","1657726652934","Person.java","1.1.3 for 2021-2022 @t1",
"e","","No Phanon history found: /Users/josephditton/school/summer2022/1410/Inheritance/src/com/usu/person/showyourwork/showyourwork.log Player unable to render
","0","1657726652934","Indentification.java","1.1.3 for 2021-2022 @t1",
"e","","","0","1657726652934","Indentification.java","1.1.3 for 2021-2022 @t1",
"e","","No Phanon history found: /Users/josephditton/school/summer2022/1410/Inheritance/src/com/usu/person/showyourwork/showyourwork.log Player unable to render
","0","1657726652934","Identification.java","1.1.3 for 2021-2022 @t1",
"e","","","0","1657726652934","Identification.java","1.1.3 for 2021-2022 @t1",
"e","","No Phanon history found: /Users/josephditton/school/summer2022/1410/Inheritance/src/com/usu/person/showyourwork/showyourwork.log Player unable to render
","0","1657726652935","Person.java","1.1.3 for 2021-2022 @t1",
"e","","","0","1657726652935","Person.java","1.1.3 for 2021-2022 @t1",
"e","","No Phanon history found: /Users/josephditton/school/summer2022/1410/Inheritance/src/com/usu/person/showyourwork/showyourwork.log Player unable to render
","0","1657726652935","Indentification.java","1.1.3 for 2021-2022 @t1",
"e","","","0","1657726652935","Indentification.java","1.1.3 for 2021-2022 @t1",
"e","","No Phanon history found: /Users/josephditton/school/summer2022/1410/Inheritance/src/com/usu/person/showyourwork/showyourwork.log Player unable to render
","0","1657726652935","Identification.java","1.1.3 for 2021-2022 @t1",
"e","","","0","1657726652935","Identification.java","1.1.3 for 2021-2022 @t1",
"e","","No Phanon history found: /Users/josephditton/school/summer2022/1410/Inheritance/src/com/usu/person/showyourwork/showyourwork.log Player unable to render
","0","1657726652937","Person.java","1.1.3 for 2021-2022 @t1",
"e","","","0","1657726652937","Person.java","1.1.3 for 2021-2022 @t1",
"e","","No Phanon history found: /Users/josephditton/school/summer2022/1410/Inheritance/src/com/usu/person/showyourwork/showyourwork.log Player unable to render
","0","1657726652937","Indentification.java","1.1.3 for 2021-2022 @t1",
"e","","","0","1657726652937","Indentification.java","1.1.3 for 2021-2022 @t1",
"e","","No Phanon history found: /Users/josephditton/school/summer2022/1410/Inheritance/src/com/usu/person/showyourwork/showyourwork.log Player unable to render
","0","1657726652937","Identification.java","1.1.3 for 2021-2022 @t1",
"e","","","0","1657726652937","Identification.java","1.1.3 for 2021-2022 @t1",
