"a","Backspace",,,"1658503201460","Main.kt","1.1.3 for 2021-2022 @t1",
"e","fun main(args: Array<String>) {
    
}","","0","1658503201473","Main.kt","1.1.3 for 2021-2022 @t1",
"e","i","","36","1658503202259","Main.kt","1.1.3 for 2021-2022 @t1",
"k","i",,"37","1658503202261","Main.kt","1.1.3 for 2021-2022 @t1",
"e","f","","37","1658503202345","Main.kt","1.1.3 for 2021-2022 @t1",
"k","f",,"38","1658503202346","Main.kt","1.1.3 for 2021-2022 @t1",
"e"," ","","38","1658503202425","Main.kt","1.1.3 for 2021-2022 @t1",
"k"," ",,"39","1658503202426","Main.kt","1.1.3 for 2021-2022 @t1",
"e","(","","39","1658503202540","Main.kt","1.1.3 for 2021-2022 @t1",
"e",")","","40","1658503202542","Main.kt","1.1.3 for 2021-2022 @t1",
"k","(",,"40","1658503202545","Main.kt","1.1.3 for 2021-2022 @t1",
"k",")",,"41","1658503202591","Main.kt","1.1.3 for 2021-2022 @t1",
"a","Left",,,"1658503202852","Main.kt","1.1.3 for 2021-2022 @t1",
"e","t","","40","1658503203498","Main.kt","1.1.3 for 2021-2022 @t1",
"k","t",,"41","1658503203499","Main.kt","1.1.3 for 2021-2022 @t1",
"e","h","","41","1658503203568","Main.kt","1.1.3 for 2021-2022 @t1",
"k","h",,"42","1658503203568","Main.kt","1.1.3 for 2021-2022 @t1",
"e","i","","42","1658503203662","Main.kt","1.1.3 for 2021-2022 @t1",
"k","i",,"43","1658503203663","Main.kt","1.1.3 for 2021-2022 @t1",
"e","n","","43","1658503203721","Main.kt","1.1.3 for 2021-2022 @t1",
"k","n",,"44","1658503203722","Main.kt","1.1.3 for 2021-2022 @t1",
"e","b","","44","1658503203729","Main.kt","1.1.3 for 2021-2022 @t1",
"k","b",,"45","1658503203730","Main.kt","1.1.3 for 2021-2022 @t1",
"e","g","","45","1658503203802","Main.kt","1.1.3 for 2021-2022 @t1",
"k","g",,"46","1658503203803","Main.kt","1.1.3 for 2021-2022 @t1",
"a","Backspace",,,"1658503204061","Main.kt","1.1.3 for 2021-2022 @t1",
"e","","g","45","1658503204063","Main.kt","1.1.3 for 2021-2022 @t1",
"a","Backspace",,,"1658503204348","Main.kt","1.1.3 for 2021-2022 @t1",
"e","","b","44","1658503204349","Main.kt","1.1.3 for 2021-2022 @t1",
"e","g","","44","1658503204439","Main.kt","1.1.3 for 2021-2022 @t1",
"k","g",,"45","1658503204440","Main.kt","1.1.3 for 2021-2022 @t1",
"e"," ","","45","1658503204758","Main.kt","1.1.3 for 2021-2022 @t1",
"k"," ",,"46","1658503204759","Main.kt","1.1.3 for 2021-2022 @t1",
"e","-","","46","1658503205063","Main.kt","1.1.3 for 2021-2022 @t1",
"k","-",,"47","1658503205064","Main.kt","1.1.3 for 2021-2022 @t1",
"a","Backspace",,,"1658503205471","Main.kt","1.1.3 for 2021-2022 @t1",
"e","","-","46","1658503205472","Main.kt","1.1.3 for 2021-2022 @t1",
"e","=","","46","1658503205607","Main.kt","1.1.3 for 2021-2022 @t1",
"k","=",,"47","1658503205608","Main.kt","1.1.3 for 2021-2022 @t1",
"e","=","","46","1658503205741","Main.kt","1.1.3 for 2021-2022 @t1",
"k","=",,"48","1658503205742","Main.kt","1.1.3 for 2021-2022 @t1",
"e"," ","","48","1658503205883","Main.kt","1.1.3 for 2021-2022 @t1",
"k"," ",,"49","1658503205884","Main.kt","1.1.3 for 2021-2022 @t1",
"e","n","","49","1658503205982","Main.kt","1.1.3 for 2021-2022 @t1",
"k","n",,"50","1658503205983","Main.kt","1.1.3 for 2021-2022 @t1",
"e","u","","50","1658503206121","Main.kt","1.1.3 for 2021-2022 @t1",
"k","u",,"51","1658503206122","Main.kt","1.1.3 for 2021-2022 @t1",
"e","l","","51","1658503206232","Main.kt","1.1.3 for 2021-2022 @t1",
"k","l",,"52","1658503206233","Main.kt","1.1.3 for 2021-2022 @t1",
"e","l","","52","1658503206358","Main.kt","1.1.3 for 2021-2022 @t1",
"k","l",,"53","1658503206359","Main.kt","1.1.3 for 2021-2022 @t1",
"a","Left",,,"1658503207213","Main.kt","1.1.3 for 2021-2022 @t1",
"a","Left",,,"1658503207461","Main.kt","1.1.3 for 2021-2022 @t1",
"a","Left",,,"1658503207493","Main.kt","1.1.3 for 2021-2022 @t1",
"a","Left",,,"1658503207528","Main.kt","1.1.3 for 2021-2022 @t1",
"a","Left",,,"1658503207561","Main.kt","1.1.3 for 2021-2022 @t1",
"a","Left",,,"1658503207732","Main.kt","1.1.3 for 2021-2022 @t1",
"a","Backspace",,,"1658503207982","Main.kt","1.1.3 for 2021-2022 @t1",
"e","","=","47","1658503207983","Main.kt","1.1.3 for 2021-2022 @t1",
"e","!","","46","1658503208264","Main.kt","1.1.3 for 2021-2022 @t1",
"k","!",,"47","1658503208265","Main.kt","1.1.3 for 2021-2022 @t1",
"a","Right",,,"1658503208654","Main.kt","1.1.3 for 2021-2022 @t1",
"a","Right",,,"1658503208905","Main.kt","1.1.3 for 2021-2022 @t1",
"a","Right",,,"1658503208938","Main.kt","1.1.3 for 2021-2022 @t1",
"a","Right",,,"1658503208971","Main.kt","1.1.3 for 2021-2022 @t1",
"a","Right",,,"1658503211085","Main.kt","1.1.3 for 2021-2022 @t1",
"a","Right",,,"1658503211197","Main.kt","1.1.3 for 2021-2022 @t1",
"a","Right",,,"1658503211306","Main.kt","1.1.3 for 2021-2022 @t1",
"a","Backspace",,,"1658503218862","Main.kt","1.1.3 for 2021-2022 @t1",
"e","",")","53","1658503218864","Main.kt","1.1.3 for 2021-2022 @t1",
"a","Backspace",,,"1658503219112","Main.kt","1.1.3 for 2021-2022 @t1",
"e","","l","52","1658503219113","Main.kt","1.1.3 for 2021-2022 @t1",
"a","Backspace",,,"1658503219144","Main.kt","1.1.3 for 2021-2022 @t1",
"e","","l","51","1658503219145","Main.kt","1.1.3 for 2021-2022 @t1",
"a","Backspace",,,"1658503219178","Main.kt","1.1.3 for 2021-2022 @t1",
"e","","u","50","1658503219179","Main.kt","1.1.3 for 2021-2022 @t1",
"a","Backspace",,,"1658503219211","Main.kt","1.1.3 for 2021-2022 @t1",
"e","","n","49","1658503219212","Main.kt","1.1.3 for 2021-2022 @t1",
"a","Backspace",,,"1658503219243","Main.kt","1.1.3 for 2021-2022 @t1",
"e",""," ","48","1658503219244","Main.kt","1.1.3 for 2021-2022 @t1",
"a","Backspace",,,"1658503219276","Main.kt","1.1.3 for 2021-2022 @t1",
"e","","=","47","1658503219277","Main.kt","1.1.3 for 2021-2022 @t1",
"a","Backspace",,,"1658503219311","Main.kt","1.1.3 for 2021-2022 @t1",
"e","","!","46","1658503219312","Main.kt","1.1.3 for 2021-2022 @t1",
"a","Backspace",,,"1658503219345","Main.kt","1.1.3 for 2021-2022 @t1",
"e",""," ","45","1658503219346","Main.kt","1.1.3 for 2021-2022 @t1",
"a","Backspace",,,"1658503219377","Main.kt","1.1.3 for 2021-2022 @t1",
"e","","g","44","1658503219378","Main.kt","1.1.3 for 2021-2022 @t1",
"a","Backspace",,,"1658503219411","Main.kt","1.1.3 for 2021-2022 @t1",
"e","","n","43","1658503219413","Main.kt","1.1.3 for 2021-2022 @t1",
"a","Backspace",,,"1658503219444","Main.kt","1.1.3 for 2021-2022 @t1",
"e","","i","42","1658503219445","Main.kt","1.1.3 for 2021-2022 @t1",
"a","Backspace",,,"1658503219478","Main.kt","1.1.3 for 2021-2022 @t1",
"e","","h","41","1658503219479","Main.kt","1.1.3 for 2021-2022 @t1",
"a","Backspace",,,"1658503219511","Main.kt","1.1.3 for 2021-2022 @t1",
"e","","t","40","1658503219512","Main.kt","1.1.3 for 2021-2022 @t1",
"a","Backspace",,,"1658503219666","Main.kt","1.1.3 for 2021-2022 @t1",
"e","","(","39","1658503219667","Main.kt","1.1.3 for 2021-2022 @t1",
"a","Backspace",,,"1658503219816","Main.kt","1.1.3 for 2021-2022 @t1",
"e",""," ","38","1658503219817","Main.kt","1.1.3 for 2021-2022 @t1",
"a","Backspace",,,"1658503219956","Main.kt","1.1.3 for 2021-2022 @t1",
"e","","f","37","1658503219957","Main.kt","1.1.3 for 2021-2022 @t1",
"a","Backspace",,,"1658503220087","Main.kt","1.1.3 for 2021-2022 @t1",
"e","","i","36","1658503220088","Main.kt","1.1.3 for 2021-2022 @t1",
"a","Down",,,"1658503220315","Main.kt","1.1.3 for 2021-2022 @t1",
"a","Enter",,,"1658503220715","Main.kt","1.1.3 for 2021-2022 @t1",
"e","
","","38","1658503220718","Main.kt","1.1.3 for 2021-2022 @t1",
"a","Enter",,,"1658503220815","Main.kt","1.1.3 for 2021-2022 @t1",
"e","
","","39","1658503220816","Main.kt","1.1.3 for 2021-2022 @t1",
"e","D","","40","1658503221280","Main.kt","1.1.3 for 2021-2022 @t1",
"k","D",,"41","1658503221281","Main.kt","1.1.3 for 2021-2022 @t1",
"e"," ","","41","1658503221304","Main.kt","1.1.3 for 2021-2022 @t1",
"e",""," ","41","1658503221364","Main.kt","1.1.3 for 2021-2022 @t1",
"e","o","","41","1658503221365","Main.kt","1.1.3 for 2021-2022 @t1",
"k","o",,"42","1658503221365","Main.kt","1.1.3 for 2021-2022 @t1",
"e","b","","42","1658503221472","Main.kt","1.1.3 for 2021-2022 @t1",
"k","b",,"43","1658503221472","Main.kt","1.1.3 for 2021-2022 @t1",
"a","Backspace",,,"1658503221684","Main.kt","1.1.3 for 2021-2022 @t1",
"e","","b","42","1658503221685","Main.kt","1.1.3 for 2021-2022 @t1",
"e","g","","42","1658503221834","Main.kt","1.1.3 for 2021-2022 @t1",
"k","g",,"43","1658503221835","Main.kt","1.1.3 for 2021-2022 @t1",
"e"," ","","43","1658503221843","Main.kt","1.1.3 for 2021-2022 @t1",
"a","Backspace",,,"1658503222445","Main.kt","1.1.3 for 2021-2022 @t1",
"e","","g ","42","1658503222446","Main.kt","1.1.3 for 2021-2022 @t1",
"a","Backspace",,,"1658503222582","Main.kt","1.1.3 for 2021-2022 @t1",
"e","","o","41","1658503222584","Main.kt","1.1.3 for 2021-2022 @t1",
"a","Backspace",,,"1658503222716","Main.kt","1.1.3 for 2021-2022 @t1",
"e","","D","40","1658503222717","Main.kt","1.1.3 for 2021-2022 @t1",
"e","c","","40","1658503222880","Main.kt","1.1.3 for 2021-2022 @t1",
"k","c",,"41","1658503222880","Main.kt","1.1.3 for 2021-2022 @t1",
"e"," ","","41","1658503222886","Main.kt","1.1.3 for 2021-2022 @t1",
"e",""," ","41","1658503222984","Main.kt","1.1.3 for 2021-2022 @t1",
"e","l","","41","1658503222985","Main.kt","1.1.3 for 2021-2022 @t1",
"k","l",,"42","1658503222986","Main.kt","1.1.3 for 2021-2022 @t1",
"e","a","","42","1658503223075","Main.kt","1.1.3 for 2021-2022 @t1",
"k","a",,"43","1658503223076","Main.kt","1.1.3 for 2021-2022 @t1",
"e","s","","43","1658503223124","Main.kt","1.1.3 for 2021-2022 @t1",
"k","s",,"44","1658503223125","Main.kt","1.1.3 for 2021-2022 @t1",
"e","s","","44","1658503223275","Main.kt","1.1.3 for 2021-2022 @t1",
"k","s",,"45","1658503223276","Main.kt","1.1.3 for 2021-2022 @t1",
"e"," ","","45","1658503223351","Main.kt","1.1.3 for 2021-2022 @t1",
"k"," ",,"46","1658503223352","Main.kt","1.1.3 for 2021-2022 @t1",
"e","d","","46","1658503223474","Main.kt","1.1.3 for 2021-2022 @t1",
"k","d",,"47","1658503223475","Main.kt","1.1.3 for 2021-2022 @t1",
"e"," ","","47","1658503223482","Main.kt","1.1.3 for 2021-2022 @t1",
"e",""," ","47","1658503223556","Main.kt","1.1.3 for 2021-2022 @t1",
"e","o","","47","1658503223557","Main.kt","1.1.3 for 2021-2022 @t1",
"k","o",,"48","1658503223556","Main.kt","1.1.3 for 2021-2022 @t1",
"a","Backspace",,,"1658503223777","Main.kt","1.1.3 for 2021-2022 @t1",
"e","","o","47","1658503223778","Main.kt","1.1.3 for 2021-2022 @t1",
"a","Backspace",,,"1658503223902","Main.kt","1.1.3 for 2021-2022 @t1",
"e","","d","46","1658503223903","Main.kt","1.1.3 for 2021-2022 @t1",
"e","D","","46","1658503224098","Main.kt","1.1.3 for 2021-2022 @t1",
"k","D",,"47","1658503224098","Main.kt","1.1.3 for 2021-2022 @t1",
"e"," ","","47","1658503224107","Main.kt","1.1.3 for 2021-2022 @t1",
"e",""," ","47","1658503224164","Main.kt","1.1.3 for 2021-2022 @t1",
"e","o","","47","1658503224165","Main.kt","1.1.3 for 2021-2022 @t1",
"k","o",,"48","1658503224165","Main.kt","1.1.3 for 2021-2022 @t1",
"e","g","","48","1658503224265","Main.kt","1.1.3 for 2021-2022 @t1",
"k","g",,"49","1658503224266","Main.kt","1.1.3 for 2021-2022 @t1",
"a","Up",,,"1658503225374","Main.kt","1.1.3 for 2021-2022 @t1",
"a","Up",,,"1658503225503","Main.kt","1.1.3 for 2021-2022 @t1",
"a","Up",,,"1658503225645","Main.kt","1.1.3 for 2021-2022 @t1",
"a","Tab",,,"1658503225867","Main.kt","1.1.3 for 2021-2022 @t1",
"e","    ","","36","1658503225868","Main.kt","1.1.3 for 2021-2022 @t1",
"a","Backspace",,,"1658503226162","Main.kt","1.1.3 for 2021-2022 @t1",
"e",""," ","39","1658503226165","Main.kt","1.1.3 for 2021-2022 @t1",
"e","","   ","36","1658503226167","Main.kt","1.1.3 for 2021-2022 @t1",
"e","v","","36","1658503227483","Main.kt","1.1.3 for 2021-2022 @t1",
"k","v",,"37","1658503227484","Main.kt","1.1.3 for 2021-2022 @t1",
"e","","v","36","1658503227494","Main.kt","1.1.3 for 2021-2022 @t1",
"e","v ","","36","1658503227494","Main.kt","1.1.3 for 2021-2022 @t1",
"e",""," ","37","1658503227556","Main.kt","1.1.3 for 2021-2022 @t1",
"e","a","","37","1658503227557","Main.kt","1.1.3 for 2021-2022 @t1",
"k","a",,"38","1658503227578","Main.kt","1.1.3 for 2021-2022 @t1",
"e","l","","38","1658503227651","Main.kt","1.1.3 for 2021-2022 @t1",
"k","l",,"39","1658503227652","Main.kt","1.1.3 for 2021-2022 @t1",
"e"," ","","39","1658503227745","Main.kt","1.1.3 for 2021-2022 @t1",
"k"," ",,"40","1658503227745","Main.kt","1.1.3 for 2021-2022 @t1",
"e","d","","40","1658503227859","Main.kt","1.1.3 for 2021-2022 @t1",
"k","d",,"41","1658503227860","Main.kt","1.1.3 for 2021-2022 @t1",
"e"," ","","41","1658503227867","Main.kt","1.1.3 for 2021-2022 @t1",
"e",""," ","41","1658503228290","Main.kt","1.1.3 for 2021-2022 @t1",
"e","o","","41","1658503228291","Main.kt","1.1.3 for 2021-2022 @t1",
"k","o",,"42","1658503228291","Main.kt","1.1.3 for 2021-2022 @t1",
"e","g","","42","1658503228413","Main.kt","1.1.3 for 2021-2022 @t1",
"k","g",,"43","1658503228414","Main.kt","1.1.3 for 2021-2022 @t1",
"e"," ","","43","1658503229164","Main.kt","1.1.3 for 2021-2022 @t1",
"k"," ",,"44","1658503229165","Main.kt","1.1.3 for 2021-2022 @t1",
"e","=","","44","1658503229232","Main.kt","1.1.3 for 2021-2022 @t1",
"k","=",,"45","1658503229232","Main.kt","1.1.3 for 2021-2022 @t1",
"e"," ","","45","1658503229339","Main.kt","1.1.3 for 2021-2022 @t1",
"k"," ",,"46","1658503229340","Main.kt","1.1.3 for 2021-2022 @t1",
"e","n","","46","1658503229422","Main.kt","1.1.3 for 2021-2022 @t1",
"k","n",,"47","1658503229423","Main.kt","1.1.3 for 2021-2022 @t1",
"e"," ","","47","1658503229431","Main.kt","1.1.3 for 2021-2022 @t1",
"e",""," ","47","1658503229596","Main.kt","1.1.3 for 2021-2022 @t1",
"e","u","","47","1658503229597","Main.kt","1.1.3 for 2021-2022 @t1",
"k","u",,"48","1658503229601","Main.kt","1.1.3 for 2021-2022 @t1",
"e","l","","48","1658503229732","Main.kt","1.1.3 for 2021-2022 @t1",
"k","l",,"49","1658503229733","Main.kt","1.1.3 for 2021-2022 @t1",
"e","l","","49","1658503229851","Main.kt","1.1.3 for 2021-2022 @t1",
"k","l",,"50","1658503229852","Main.kt","1.1.3 for 2021-2022 @t1",
"e",";","","50","1658503230908","Main.kt","1.1.3 for 2021-2022 @t1",
"k",";",,"51","1658503230909","Main.kt","1.1.3 for 2021-2022 @t1",
"a","Down",,,"1658503231513","Main.kt","1.1.3 for 2021-2022 @t1",
"a","Undefined",,,"1658503231615","Main.kt","1.1.3 for 2021-2022 @t1",
"a","Undefined",,,"1658503231638","Main.kt","1.1.3 for 2021-2022 @t1",
"a","Undefined",,,"1658503231638","Main.kt","1.1.3 for 2021-2022 @t1",
"a","Undefined",,,"1658503231638","Main.kt","1.1.3 for 2021-2022 @t1",
"a","Up",,,"1658503231698","Main.kt","1.1.3 for 2021-2022 @t1",
"a","Left",,,"1658503231936","Main.kt","1.1.3 for 2021-2022 @t1",
"a","Left",,,"1658503232152","Main.kt","1.1.3 for 2021-2022 @t1",
"a","Left",,,"1658503232167","Main.kt","1.1.3 for 2021-2022 @t1",
"a","Left",,,"1658503232210","Main.kt","1.1.3 for 2021-2022 @t1",
"a","Left",,,"1658503232267","Main.kt","1.1.3 for 2021-2022 @t1",
"a","Left",,,"1658503232283","Main.kt","1.1.3 for 2021-2022 @t1",
"a","Left",,,"1658503232309","Main.kt","1.1.3 for 2021-2022 @t1",
"a","Left",,,"1658503232375","Main.kt","1.1.3 for 2021-2022 @t1",
"a","Left",,,"1658503232383","Main.kt","1.1.3 for 2021-2022 @t1",
"a","Left",,,"1658503232409","Main.kt","1.1.3 for 2021-2022 @t1",
"a","Left",,,"1658503232454","Main.kt","1.1.3 for 2021-2022 @t1",
"a","Right",,,"1658503232652","Main.kt","1.1.3 for 2021-2022 @t1",
"a","Right",,,"1658503232813","Main.kt","1.1.3 for 2021-2022 @t1",
"a","Right",,,"1658503232939","Main.kt","1.1.3 for 2021-2022 @t1",
"e",":","","43","1658503233457","Main.kt","1.1.3 for 2021-2022 @t1",
"k",":",,"44","1658503233462","Main.kt","1.1.3 for 2021-2022 @t1",
"e"," ","","44","1658503233644","Main.kt","1.1.3 for 2021-2022 @t1",
"k"," ",,"45","1658503233645","Main.kt","1.1.3 for 2021-2022 @t1",
"e","D","","45","1658503233838","Main.kt","1.1.3 for 2021-2022 @t1",
"k","D",,"46","1658503233838","Main.kt","1.1.3 for 2021-2022 @t1",
"e"," ","","47","1658503233846","Main.kt","1.1.3 for 2021-2022 @t1",
"e",""," ","46","1658503233943","Main.kt","1.1.3 for 2021-2022 @t1",
"e","o","","46","1658503233944","Main.kt","1.1.3 for 2021-2022 @t1",
"k","o",,"47","1658503233943","Main.kt","1.1.3 for 2021-2022 @t1",
"e","g","","47","1658503234025","Main.kt","1.1.3 for 2021-2022 @t1",
"k","g",,"48","1658503234026","Main.kt","1.1.3 for 2021-2022 @t1",
"a","Right",,,"1658503234505","Main.kt","1.1.3 for 2021-2022 @t1",
"a","Right",,,"1658503235037","Main.kt","1.1.3 for 2021-2022 @t1",
"a","Right",,,"1658503235290","Main.kt","1.1.3 for 2021-2022 @t1",
"a","Right",,,"1658503235321","Main.kt","1.1.3 for 2021-2022 @t1",
"a","Right",,,"1658503235358","Main.kt","1.1.3 for 2021-2022 @t1",
"a","Right",,,"1658503235389","Main.kt","1.1.3 for 2021-2022 @t1",
"a","Right",,,"1658503235422","Main.kt","1.1.3 for 2021-2022 @t1",
"a","Right",,,"1658503235464","Main.kt","1.1.3 for 2021-2022 @t1",
"a","Right",,,"1658503235508","Main.kt","1.1.3 for 2021-2022 @t1",
"a","Enter",,,"1658503235883","Main.kt","1.1.3 for 2021-2022 @t1",
"e","
","","57","1658503235885","Main.kt","1.1.3 for 2021-2022 @t1",
"a","Up",,,"1658503237232","Main.kt","1.1.3 for 2021-2022 @t1",
"a","Tab",,,"1658503237237","Main.kt","1.1.3 for 2021-2022 @t1",
"e","    ","","57","1658503237239","Main.kt","1.1.3 for 2021-2022 @t1",
"a","Undefined",,,"1658503237517","Main.kt","1.1.3 for 2021-2022 @t1",
"a","Undefined",,,"1658503238700","Main.kt","1.1.3 for 2021-2022 @t1",
"a","Undefined",,,"1658503238704","Main.kt","1.1.3 for 2021-2022 @t1",
"a","Undefined",,,"1658503238759","Main.kt","1.1.3 for 2021-2022 @t1",
"e","d","","61","1658503239136","Main.kt","1.1.3 for 2021-2022 @t1",
"k","d",,"62","1658503239137","Main.kt","1.1.3 for 2021-2022 @t1",
"e","","og","46","1658503239164","Main.kt","1.1.3 for 2021-2022 @t1",
"e"," ","","46","1658503239165","Main.kt","1.1.3 for 2021-2022 @t1",
"e"," ","","61","1658503239164","Main.kt","1.1.3 for 2021-2022 @t1",
"e",""," ","46","1658503239165","Main.kt","1.1.3 for 2021-2022 @t1",
"e","og","","46","1658503239166","Main.kt","1.1.3 for 2021-2022 @t1",
"e",""," ","62","1658503239272","Main.kt","1.1.3 for 2021-2022 @t1",
"e","o","","62","1658503239273","Main.kt","1.1.3 for 2021-2022 @t1",
"k","o",,"63","1658503239273","Main.kt","1.1.3 for 2021-2022 @t1",
"e","g","","63","1658503239311","Main.kt","1.1.3 for 2021-2022 @t1",
"k","g",,"64","1658503239312","Main.kt","1.1.3 for 2021-2022 @t1",
"a","Right",,,"1658503240990","Main.kt","1.1.3 for 2021-2022 @t1",
"a","Down",,,"1658503240996","Main.kt","1.1.3 for 2021-2022 @t1",
"a","Down",,,"1658503240999","Main.kt","1.1.3 for 2021-2022 @t1",
"e"," ","","77","1658503242600","Main.kt","1.1.3 for 2021-2022 @t1",
"k"," ",,"78","1658503242600","Main.kt","1.1.3 for 2021-2022 @t1",
"e","{","","78","1658503242821","Main.kt","1.1.3 for 2021-2022 @t1",
"e","}","","79","1658503242822","Main.kt","1.1.3 for 2021-2022 @t1",
"k","{",,"79","1658503242824","Main.kt","1.1.3 for 2021-2022 @t1",
"k","}",,"80","1658503242898","Main.kt","1.1.3 for 2021-2022 @t1",
"a","Left",,,"1658503243132","Main.kt","1.1.3 for 2021-2022 @t1",
"a","Enter",,,"1658503243328","Main.kt","1.1.3 for 2021-2022 @t1",
"e","
","","79","1658503243330","Main.kt","1.1.3 for 2021-2022 @t1",
"e","
","","80","1658503243332","Main.kt","1.1.3 for 2021-2022 @t1",
"e","    ","","80","1658503243333","Main.kt","1.1.3 for 2021-2022 @t1",
"e","f","","84","1658503244974","Main.kt","1.1.3 for 2021-2022 @t1",
"k","f",,"85","1658503244976","Main.kt","1.1.3 for 2021-2022 @t1",
"e","","og","62","1658503244987","Main.kt","1.1.3 for 2021-2022 @t1",
"e"," ","","62","1658503244988","Main.kt","1.1.3 for 2021-2022 @t1",
"e"," ","","84","1658503244987","Main.kt","1.1.3 for 2021-2022 @t1",
"e",""," ","62","1658503244988","Main.kt","1.1.3 for 2021-2022 @t1",
"e","og","","62","1658503244989","Main.kt","1.1.3 for 2021-2022 @t1",
"e",""," ","85","1658503245064","Main.kt","1.1.3 for 2021-2022 @t1",
"e","u","","85","1658503245065","Main.kt","1.1.3 for 2021-2022 @t1",
"k","u",,"86","1658503245067","Main.kt","1.1.3 for 2021-2022 @t1",
"e","n","","86","1658503245182","Main.kt","1.1.3 for 2021-2022 @t1",
"k","n",,"87","1658503245185","Main.kt","1.1.3 for 2021-2022 @t1",
"e"," ","","87","1658503245345","Main.kt","1.1.3 for 2021-2022 @t1",
"k"," ",,"88","1658503245346","Main.kt","1.1.3 for 2021-2022 @t1",
"e","f","","88","1658503245575","Main.kt","1.1.3 for 2021-2022 @t1",
"k","f",,"89","1658503245575","Main.kt","1.1.3 for 2021-2022 @t1",
"e"," ","","89","1658503245582","Main.kt","1.1.3 for 2021-2022 @t1",
"a","Backspace",,,"1658503245828","Main.kt","1.1.3 for 2021-2022 @t1",
"e","","f ","88","1658503245829","Main.kt","1.1.3 for 2021-2022 @t1",
"e","s","","88","1658503245914","Main.kt","1.1.3 for 2021-2022 @t1",
"k","s",,"89","1658503245915","Main.kt","1.1.3 for 2021-2022 @t1",
"e"," ","","89","1658503245925","Main.kt","1.1.3 for 2021-2022 @t1",
"e",""," ","89","1658503246020","Main.kt","1.1.3 for 2021-2022 @t1",
"e","p","","89","1658503246021","Main.kt","1.1.3 for 2021-2022 @t1",
"k","p",,"90","1658503246028","Main.kt","1.1.3 for 2021-2022 @t1",
"e","e","","90","1658503246133","Main.kt","1.1.3 for 2021-2022 @t1",
"k","e",,"91","1658503246134","Main.kt","1.1.3 for 2021-2022 @t1",
"e","a","","91","1658503246579","Main.kt","1.1.3 for 2021-2022 @t1",
"k","a",,"92","1658503246580","Main.kt","1.1.3 for 2021-2022 @t1",
"e","k","","92","1658503246679","Main.kt","1.1.3 for 2021-2022 @t1",
"k","k",,"93","1658503246680","Main.kt","1.1.3 for 2021-2022 @t1",
"a","Backspace",,,"1658503246998","Main.kt","1.1.3 for 2021-2022 @t1",
"e","","k","92","1658503247003","Main.kt","1.1.3 for 2021-2022 @t1",
"e","k","","92","1658503247269","Main.kt","1.1.3 for 2021-2022 @t1",
"k","k",,"93","1658503247270","Main.kt","1.1.3 for 2021-2022 @t1",
"e"," ","","93","1658503247283","Main.kt","1.1.3 for 2021-2022 @t1",
"e",""," ","93","1658503247582","Main.kt","1.1.3 for 2021-2022 @t1",
"e","(","","93","1658503247583","Main.kt","1.1.3 for 2021-2022 @t1",
"e",")","","94","1658503247584","Main.kt","1.1.3 for 2021-2022 @t1",
"k","(",,"94","1658503247585","Main.kt","1.1.3 for 2021-2022 @t1",
"k",")",,"95","1658503247631","Main.kt","1.1.3 for 2021-2022 @t1",
"e"," ","","95","1658503247890","Main.kt","1.1.3 for 2021-2022 @t1",
"k"," ",,"96","1658503247891","Main.kt","1.1.3 for 2021-2022 @t1",
"e","{","","96","1658503248025","Main.kt","1.1.3 for 2021-2022 @t1",
"e","}","","97","1658503248026","Main.kt","1.1.3 for 2021-2022 @t1",
"k","{",,"97","1658503248028","Main.kt","1.1.3 for 2021-2022 @t1",
"k","}",,"98","1658503248082","Main.kt","1.1.3 for 2021-2022 @t1",
"a","Left",,,"1658503248275","Main.kt","1.1.3 for 2021-2022 @t1",
"a","Enter",,,"1658503248476","Main.kt","1.1.3 for 2021-2022 @t1",
"e","
    ","","97","1658503248477","Main.kt","1.1.3 for 2021-2022 @t1",
"e","    
","","98","1658503248479","Main.kt","1.1.3 for 2021-2022 @t1",
"e","    ","","102","1658503248479","Main.kt","1.1.3 for 2021-2022 @t1",
"a","Up",,,"1658503248709","Main.kt","1.1.3 for 2021-2022 @t1",
"a","Up",,,"1658503249519","Main.kt","1.1.3 for 2021-2022 @t1",
"a","Up",,,"1658503249685","Main.kt","1.1.3 for 2021-2022 @t1",
"a","Up",,,"1658503249834","Main.kt","1.1.3 for 2021-2022 @t1",
"a","Down",,,"1658503250014","Main.kt","1.1.3 for 2021-2022 @t1",
"a","Down",,,"1658503250149","Main.kt","1.1.3 for 2021-2022 @t1",
"a","Down",,,"1658503250273","Main.kt","1.1.3 for 2021-2022 @t1",
"a","Left",,,"1658503250452","Main.kt","1.1.3 for 2021-2022 @t1",
"a","Left",,,"1658503250704","Main.kt","1.1.3 for 2021-2022 @t1",
"a","Left",,,"1658503250739","Main.kt","1.1.3 for 2021-2022 @t1",
"a","Left",,,"1658503250913","Main.kt","1.1.3 for 2021-2022 @t1",
"e","p","","84","1658503251368","Main.kt","1.1.3 for 2021-2022 @t1",
"k","p",,"85","1658503251369","Main.kt","1.1.3 for 2021-2022 @t1",
"e","","p","84","1658503251380","Main.kt","1.1.3 for 2021-2022 @t1",
"e","p ","","84","1658503251381","Main.kt","1.1.3 for 2021-2022 @t1",
"e",""," ","85","1658503251419","Main.kt","1.1.3 for 2021-2022 @t1",
"e","u","","85","1658503251420","Main.kt","1.1.3 for 2021-2022 @t1",
"k","u",,"86","1658503251420","Main.kt","1.1.3 for 2021-2022 @t1",
"e","g","","86","1658503251645","Main.kt","1.1.3 for 2021-2022 @t1",
"k","g",,"87","1658503251646","Main.kt","1.1.3 for 2021-2022 @t1",
"e","b","","87","1658503251650","Main.kt","1.1.3 for 2021-2022 @t1",
"k","b",,"88","1658503251651","Main.kt","1.1.3 for 2021-2022 @t1",
"e","l","","88","1658503251707","Main.kt","1.1.3 for 2021-2022 @t1",
"k","l",,"89","1658503251708","Main.kt","1.1.3 for 2021-2022 @t1",
"e","i","","89","1658503251771","Main.kt","1.1.3 for 2021-2022 @t1",
"k","i",,"90","1658503251772","Main.kt","1.1.3 for 2021-2022 @t1",
"e","c","","90","1658503251835","Main.kt","1.1.3 for 2021-2022 @t1",
"k","c",,"91","1658503251835","Main.kt","1.1.3 for 2021-2022 @t1",
"e"," ","","91","1658503251971","Main.kt","1.1.3 for 2021-2022 @t1",
"k"," ",,"92","1658503251972","Main.kt","1.1.3 for 2021-2022 @t1",
"a","Backspace",,,"1658503252118","Main.kt","1.1.3 for 2021-2022 @t1",
"e",""," ","91","1658503252119","Main.kt","1.1.3 for 2021-2022 @t1",
"a","Backspace",,,"1658503252370","Main.kt","1.1.3 for 2021-2022 @t1",
"e","","c","90","1658503252372","Main.kt","1.1.3 for 2021-2022 @t1",
"a","Backspace",,,"1658503252402","Main.kt","1.1.3 for 2021-2022 @t1",
"e","","i","89","1658503252403","Main.kt","1.1.3 for 2021-2022 @t1",
"a","Backspace",,,"1658503252530","Main.kt","1.1.3 for 2021-2022 @t1",
"e","","l","88","1658503252531","Main.kt","1.1.3 for 2021-2022 @t1",
"a","Backspace",,,"1658503252687","Main.kt","1.1.3 for 2021-2022 @t1",
"e","","b","87","1658503252688","Main.kt","1.1.3 for 2021-2022 @t1",
"a","Backspace",,,"1658503252807","Main.kt","1.1.3 for 2021-2022 @t1",
"e","","g","86","1658503252809","Main.kt","1.1.3 for 2021-2022 @t1",
"e","b","","86","1658503252908","Main.kt","1.1.3 for 2021-2022 @t1",
"k","b",,"87","1658503252909","Main.kt","1.1.3 for 2021-2022 @t1",
"e"," ","","87","1658503252919","Main.kt","1.1.3 for 2021-2022 @t1",
"e",""," ","87","1658503253036","Main.kt","1.1.3 for 2021-2022 @t1",
"e","l","","87","1658503253037","Main.kt","1.1.3 for 2021-2022 @t1",
"k","l",,"88","1658503253037","Main.kt","1.1.3 for 2021-2022 @t1",
"e","i","","88","1658503253095","Main.kt","1.1.3 for 2021-2022 @t1",
"k","i",,"89","1658503253096","Main.kt","1.1.3 for 2021-2022 @t1",
"e","c","","89","1658503253173","Main.kt","1.1.3 for 2021-2022 @t1",
"k","c",,"90","1658503253174","Main.kt","1.1.3 for 2021-2022 @t1",
"e"," ","","90","1658503253276","Main.kt","1.1.3 for 2021-2022 @t1",
"k"," ",,"91","1658503253277","Main.kt","1.1.3 for 2021-2022 @t1",
"a","Up",,,"1658503253512","Main.kt","1.1.3 for 2021-2022 @t1",
"a","Up",,,"1658503253761","Main.kt","1.1.3 for 2021-2022 @t1",
"a","Up",,,"1658503253795","Main.kt","1.1.3 for 2021-2022 @t1",
"a","Up",,,"1658503254346","Main.kt","1.1.3 for 2021-2022 @t1",
"a","Right",,,"1658503254762","Main.kt","1.1.3 for 2021-2022 @t1",
"a","Right",,,"1658503255038","Main.kt","1.1.3 for 2021-2022 @t1",
"a","Right",,,"1658503255292","Main.kt","1.1.3 for 2021-2022 @t1",
"a","Right",,,"1658503255324","Main.kt","1.1.3 for 2021-2022 @t1",
"a","Right",,,"1658503255357","Main.kt","1.1.3 for 2021-2022 @t1",
"a","Right",,,"1658503255540","Main.kt","1.1.3 for 2021-2022 @t1",
"e",".","","64","1658503255856","Main.kt","1.1.3 for 2021-2022 @t1",
"k",".",,"65","1658503255859","Main.kt","1.1.3 for 2021-2022 @t1",
"e","",".","64","1658503255867","Main.kt","1.1.3 for 2021-2022 @t1",
"e",".$","","64","1658503255868","Main.kt","1.1.3 for 2021-2022 @t1",
"e","","$","65","1658503256028","Main.kt","1.1.3 for 2021-2022 @t1",
"e","s","","65","1658503256029","Main.kt","1.1.3 for 2021-2022 @t1",
"k","s",,"66","1658503256029","Main.kt","1.1.3 for 2021-2022 @t1",
"e","$","","66","1658503256035","Main.kt","1.1.3 for 2021-2022 @t1",
"e","","$","66","1658503256135","Main.kt","1.1.3 for 2021-2022 @t1",
"e","p","","66","1658503256136","Main.kt","1.1.3 for 2021-2022 @t1",
"k","p",,"67","1658503256136","Main.kt","1.1.3 for 2021-2022 @t1",
"e","$","","67","1658503256143","Main.kt","1.1.3 for 2021-2022 @t1",
"e","","$","67","1658503256765","Main.kt","1.1.3 for 2021-2022 @t1",
"e","e","","67","1658503256766","Main.kt","1.1.3 for 2021-2022 @t1",
"k","e",,"68","1658503256766","Main.kt","1.1.3 for 2021-2022 @t1",
"e","$","","68","1658503256772","Main.kt","1.1.3 for 2021-2022 @t1",
"e","","$","68","1658503256895","Main.kt","1.1.3 for 2021-2022 @t1",
"e","a","","68","1658503256896","Main.kt","1.1.3 for 2021-2022 @t1",
"k","a",,"69","1658503256897","Main.kt","1.1.3 for 2021-2022 @t1",
"e","$","","69","1658503256906","Main.kt","1.1.3 for 2021-2022 @t1",
"e","","$","69","1658503257017","Main.kt","1.1.3 for 2021-2022 @t1",
"e","k","","69","1658503257018","Main.kt","1.1.3 for 2021-2022 @t1",
"k","k",,"70","1658503257020","Main.kt","1.1.3 for 2021-2022 @t1",
"e","$","","70","1658503257039","Main.kt","1.1.3 for 2021-2022 @t1",
"a","Choose Lookup Item Replace",,,"1658503257663","Main.kt","1.1.3 for 2021-2022 @t1",
"e","","$","70","1658503257681","Main.kt","1.1.3 for 2021-2022 @t1",
"e","()","","70","1658503257691","Main.kt","1.1.3 for 2021-2022 @t1",
"a","Tab",,,"1658503257734","Main.kt","1.1.3 for 2021-2022 @t1",
"e"," ","","72","1658503257736","Main.kt","1.1.3 for 2021-2022 @t1",
"a","Right",,,"1658503264203","Main.kt","1.1.3 for 2021-2022 @t1",
"a","Right",,,"1658503264314","Main.kt","1.1.3 for 2021-2022 @t1",
"a","Right",,,"1658503264441","Main.kt","1.1.3 for 2021-2022 @t1",
"a","Right",,,"1658503264599","Main.kt","1.1.3 for 2021-2022 @t1",
"a","Right",,,"1658503264745","Main.kt","1.1.3 for 2021-2022 @t1",
"a","Down",,,"1658503264972","Main.kt","1.1.3 for 2021-2022 @t1",
"a","Down",,,"1658503265133","Main.kt","1.1.3 for 2021-2022 @t1",
"a","Up",,,"1658503265296","Main.kt","1.1.3 for 2021-2022 @t1",
"a","Up",,,"1658503265439","Main.kt","1.1.3 for 2021-2022 @t1",
"a","Left",,,"1658503265790","Main.kt","1.1.3 for 2021-2022 @t1",
"a","Left",,,"1658503265941","Main.kt","1.1.3 for 2021-2022 @t1",
"a","Right",,,"1658503269562","Main.kt","1.1.3 for 2021-2022 @t1",
"a","Right",,,"1658503269711","Main.kt","1.1.3 for 2021-2022 @t1",
"a","Left",,,"1658503269983","Main.kt","1.1.3 for 2021-2022 @t1",
"a","Left",,,"1658503270123","Main.kt","1.1.3 for 2021-2022 @t1",
"a","Left",,,"1658503270287","Main.kt","1.1.3 for 2021-2022 @t1",
"a","Left",,,"1658503270538","Main.kt","1.1.3 for 2021-2022 @t1",
"a","Left",,,"1658503270572","Main.kt","1.1.3 for 2021-2022 @t1",
"a","Left",,,"1658503270605","Main.kt","1.1.3 for 2021-2022 @t1",
"a","Left",,,"1658503270755","Main.kt","1.1.3 for 2021-2022 @t1",
"a","Right",,,"1658503270906","Main.kt","1.1.3 for 2021-2022 @t1",
"a","Right",,,"1658503271040","Main.kt","1.1.3 for 2021-2022 @t1",
"a","Left",,,"1658503271198","Main.kt","1.1.3 for 2021-2022 @t1",
"a","Left",,,"1658503271347","Main.kt","1.1.3 for 2021-2022 @t1",
"a","Right",,,"1658503271513","Main.kt","1.1.3 for 2021-2022 @t1",
"a","Right",,,"1658503271645","Main.kt","1.1.3 for 2021-2022 @t1",
"a","Right",,,"1658503283783","Main.kt","1.1.3 for 2021-2022 @t1",
"a","Right",,,"1658503283931","Main.kt","1.1.3 for 2021-2022 @t1",
"a","Left",,,"1658503284083","Main.kt","1.1.3 for 2021-2022 @t1",
"a","Left",,,"1658503284216","Main.kt","1.1.3 for 2021-2022 @t1",
"a","Left",,,"1658503284365","Main.kt","1.1.3 for 2021-2022 @t1",
"a","Right",,,"1658503284547","Main.kt","1.1.3 for 2021-2022 @t1",
"a","Left with Selection",,,"1658503284854","Main.kt","1.1.3 for 2021-2022 @t1",
"a","Left with Selection",,,"1658503285103","Main.kt","1.1.3 for 2021-2022 @t1",
"a","Left with Selection",,,"1658503285136","Main.kt","1.1.3 for 2021-2022 @t1",
"a","Left with Selection",,,"1658503285169","Main.kt","1.1.3 for 2021-2022 @t1",
"a","Left with Selection",,,"1658503285202","Main.kt","1.1.3 for 2021-2022 @t1",
"a","Left with Selection",,,"1658503285234","Main.kt","1.1.3 for 2021-2022 @t1",
"a","Left with Selection",,,"1658503285268","Main.kt","1.1.3 for 2021-2022 @t1",
"a","Left with Selection",,,"1658503285302","Main.kt","1.1.3 for 2021-2022 @t1",
"a","Left with Selection",,,"1658503285454","Main.kt","1.1.3 for 2021-2022 @t1",
"a","Right",,,"1658503285584","Main.kt","1.1.3 for 2021-2022 @t1",
"a","Right",,,"1658503285765","Main.kt","1.1.3 for 2021-2022 @t1",
"a","Left",,,"1658503285961","Main.kt","1.1.3 for 2021-2022 @t1",
"a","Left",,,"1658503286207","Main.kt","1.1.3 for 2021-2022 @t1",
"a","Right",,,"1658503286404","Main.kt","1.1.3 for 2021-2022 @t1",
"a","Right",,,"1658503293092","Main.kt","1.1.3 for 2021-2022 @t1",
"a","Left",,,"1658503293300","Main.kt","1.1.3 for 2021-2022 @t1",
"a","Left",,,"1658503293450","Main.kt","1.1.3 for 2021-2022 @t1",
"a","Right",,,"1658503293648","Main.kt","1.1.3 for 2021-2022 @t1",
"a","Right",,,"1658503296834","Main.kt","1.1.3 for 2021-2022 @t1",
"a","Left",,,"1658503297032","Main.kt","1.1.3 for 2021-2022 @t1",
"e","?","","48","1658503297898","Main.kt","1.1.3 for 2021-2022 @t1",
"k","?",,"49","1658503297899","Main.kt","1.1.3 for 2021-2022 @t1",
"a","Left",,,"1658503300809","Main.kt","1.1.3 for 2021-2022 @t1",
"a","Right",,,"1658503300959","Main.kt","1.1.3 for 2021-2022 @t1",
"a","Left with Selection",,,"1658503301168","Main.kt","1.1.3 for 2021-2022 @t1",
"a","Left with Selection",,,"1658503301316","Main.kt","1.1.3 for 2021-2022 @t1",
"a","Left with Selection",,,"1658503301437","Main.kt","1.1.3 for 2021-2022 @t1",
"a","Left with Selection",,,"1658503301562","Main.kt","1.1.3 for 2021-2022 @t1",
"a","Down",,,"1658503308803","Main.kt","1.1.3 for 2021-2022 @t1",
"a","Down",,,"1658503309001","Main.kt","1.1.3 for 2021-2022 @t1",
"a","Up",,,"1658503309175","Main.kt","1.1.3 for 2021-2022 @t1",
"a","Left",,,"1658503309317","Main.kt","1.1.3 for 2021-2022 @t1",
"a","Left",,,"1658503309724","Main.kt","1.1.3 for 2021-2022 @t1",
"a","Left",,,"1658503309976","Main.kt","1.1.3 for 2021-2022 @t1",
"a","Left",,,"1658503310009","Main.kt","1.1.3 for 2021-2022 @t1",
"a","Left",,,"1658503310042","Main.kt","1.1.3 for 2021-2022 @t1",
"a","Left",,,"1658503310074","Main.kt","1.1.3 for 2021-2022 @t1",
"a","Left",,,"1658503310108","Main.kt","1.1.3 for 2021-2022 @t1",
"a","Left",,,"1658503310144","Main.kt","1.1.3 for 2021-2022 @t1",
"a","Left",,,"1658503310175","Main.kt","1.1.3 for 2021-2022 @t1",
"a","Left",,,"1658503310209","Main.kt","1.1.3 for 2021-2022 @t1",
"a","Left",,,"1658503310243","Main.kt","1.1.3 for 2021-2022 @t1",
"a","Left",,,"1658503310276","Main.kt","1.1.3 for 2021-2022 @t1",
"a","Right",,,"1658503310430","Main.kt","1.1.3 for 2021-2022 @t1",
"a","Right",,,"1658503310590","Main.kt","1.1.3 for 2021-2022 @t1",
"a","Right",,,"1658503310723","Main.kt","1.1.3 for 2021-2022 @t1",
"a","Right",,,"1658503310870","Main.kt","1.1.3 for 2021-2022 @t1",
"a","Left",,,"1658503311060","Main.kt","1.1.3 for 2021-2022 @t1",
"a","Right",,,"1658503311353","Main.kt","1.1.3 for 2021-2022 @t1",
"a","Right",,,"1658503311532","Main.kt","1.1.3 for 2021-2022 @t1",
"a","Left",,,"1658503311704","Main.kt","1.1.3 for 2021-2022 @t1",
"a","Left",,,"1658503311868","Main.kt","1.1.3 for 2021-2022 @t1",
"a","Right",,,"1658503312044","Main.kt","1.1.3 for 2021-2022 @t1",
"a","Right",,,"1658503312194","Main.kt","1.1.3 for 2021-2022 @t1",
"a","Left",,,"1658503312445","Main.kt","1.1.3 for 2021-2022 @t1",
"a","Left",,,"1658503312869","Main.kt","1.1.3 for 2021-2022 @t1",
"a","Left",,,"1658503313827","Main.kt","1.1.3 for 2021-2022 @t1",
"a","Left",,,"1658503313968","Main.kt","1.1.3 for 2021-2022 @t1",
"a","Left",,,"1658503314113","Main.kt","1.1.3 for 2021-2022 @t1",
"a","Right",,,"1658503315562","Main.kt","1.1.3 for 2021-2022 @t1",
"a","Right",,,"1658503315695","Main.kt","1.1.3 for 2021-2022 @t1",
"a","Right",,,"1658503315858","Main.kt","1.1.3 for 2021-2022 @t1",
"e","?","","65","1658503316576","Main.kt","1.1.3 for 2021-2022 @t1",
"k","?",,"66","1658503316577","Main.kt","1.1.3 for 2021-2022 @t1",
"a","Right",,,"1658503317475","Main.kt","1.1.3 for 2021-2022 @t1",
"a","Right",,,"1658503317652","Main.kt","1.1.3 for 2021-2022 @t1",
"a","Down",,,"1658503317830","Main.kt","1.1.3 for 2021-2022 @t1",
"a","Up",,,"1658503323766","Main.kt","1.1.3 for 2021-2022 @t1",
"a","Right",,,"1658503323957","Main.kt","1.1.3 for 2021-2022 @t1",
"a","Left",,,"1658503324120","Main.kt","1.1.3 for 2021-2022 @t1",
"a","Left",,,"1658503324373","Main.kt","1.1.3 for 2021-2022 @t1",
"a","Left",,,"1658503324407","Main.kt","1.1.3 for 2021-2022 @t1",
"a","Left",,,"1658503324579","Main.kt","1.1.3 for 2021-2022 @t1",
"a","Right",,,"1658503324824","Main.kt","1.1.3 for 2021-2022 @t1",
"a","Left",,,"1658503325041","Main.kt","1.1.3 for 2021-2022 @t1",
"a","Right with Selection",,,"1658503325242","Main.kt","1.1.3 for 2021-2022 @t1",
"a","Right with Selection",,,"1658503325379","Main.kt","1.1.3 for 2021-2022 @t1",
"a","Right",,,"1658503332135","Main.kt","1.1.3 for 2021-2022 @t1",
"a","Right",,,"1658503332308","Main.kt","1.1.3 for 2021-2022 @t1",
"a","Left",,,"1658503332433","Main.kt","1.1.3 for 2021-2022 @t1",
"a","Left",,,"1658503332550","Main.kt","1.1.3 for 2021-2022 @t1",
"a","Left",,,"1658503332701","Main.kt","1.1.3 for 2021-2022 @t1",
"a","Right",,,"1658503332842","Main.kt","1.1.3 for 2021-2022 @t1",
"a","Right",,,"1658503332972","Main.kt","1.1.3 for 2021-2022 @t1",
"a","Right",,,"1658503333110","Main.kt","1.1.3 for 2021-2022 @t1",
"a","Right",,,"1658503333244","Main.kt","1.1.3 for 2021-2022 @t1",
"a","Right",,,"1658503333378","Main.kt","1.1.3 for 2021-2022 @t1",
"a","Down",,,"1658503333567","Main.kt","1.1.3 for 2021-2022 @t1",
"a","Down",,,"1658503333690","Main.kt","1.1.3 for 2021-2022 @t1",
"a","Down",,,"1658503333804","Main.kt","1.1.3 for 2021-2022 @t1",
"a","Down",,,"1658503333951","Main.kt","1.1.3 for 2021-2022 @t1",
"a","Down",,,"1658503334084","Main.kt","1.1.3 for 2021-2022 @t1",
"a","Tab",,,"1658503334394","Main.kt","1.1.3 for 2021-2022 @t1",
"e","    ","","124","1658503334396","Main.kt","1.1.3 for 2021-2022 @t1",
"a","Backspace",,,"1658503334681","Main.kt","1.1.3 for 2021-2022 @t1",
"e",""," ","127","1658503334683","Main.kt","1.1.3 for 2021-2022 @t1",
"e","","   ","124","1658503334684","Main.kt","1.1.3 for 2021-2022 @t1",
"e","s","","124","1658503335430","Main.kt","1.1.3 for 2021-2022 @t1",
"k","s",,"125","1658503335430","Main.kt","1.1.3 for 2021-2022 @t1",
"e","","?","48","1658503335438","Main.kt","1.1.3 for 2021-2022 @t1",
"e","","?","64","1658503335438","Main.kt","1.1.3 for 2021-2022 @t1",
"e","","() ","70","1658503335439","Main.kt","1.1.3 for 2021-2022 @t1",
"e","$","","70","1658503335440","Main.kt","1.1.3 for 2021-2022 @t1",
"e","$","","121","1658503335438","Main.kt","1.1.3 for 2021-2022 @t1",
"e","?","","48","1658503335438","Main.kt","1.1.3 for 2021-2022 @t1",
"e","?","","65","1658503335438","Main.kt","1.1.3 for 2021-2022 @t1",
"e","","$","72","1658503335439","Main.kt","1.1.3 for 2021-2022 @t1",
"e","() ","","72","1658503335440","Main.kt","1.1.3 for 2021-2022 @t1",
"e","","$","125","1658503335894","Main.kt","1.1.3 for 2021-2022 @t1",
"e","o","","125","1658503335895","Main.kt","1.1.3 for 2021-2022 @t1",
"k","o",,"126","1658503335895","Main.kt","1.1.3 for 2021-2022 @t1",
"e","$","","126","1658503335900","Main.kt","1.1.3 for 2021-2022 @t1",
"e","","$","126","1658503335938","Main.kt","1.1.3 for 2021-2022 @t1",
"e","u","","126","1658503335939","Main.kt","1.1.3 for 2021-2022 @t1",
"k","u",,"127","1658503335938","Main.kt","1.1.3 for 2021-2022 @t1",
"e","$","","127","1658503335943","Main.kt","1.1.3 for 2021-2022 @t1",
"e","","$","127","1658503335988","Main.kt","1.1.3 for 2021-2022 @t1",
"e","t","","127","1658503335989","Main.kt","1.1.3 for 2021-2022 @t1",
"k","t",,"128","1658503335988","Main.kt","1.1.3 for 2021-2022 @t1",
"e","$","","128","1658503335993","Main.kt","1.1.3 for 2021-2022 @t1",
"e","","$","128","1658503336133","Main.kt","1.1.3 for 2021-2022 @t1",
"a","Expand Live Template by Tab",,,"1658503336136","Main.kt","1.1.3 for 2021-2022 @t1",
"e","","sout","124","1658503336145","Main.kt","1.1.3 for 2021-2022 @t1",
"e","println()","","124","1658503336151","Main.kt","1.1.3 for 2021-2022 @t1",
"e","""","","132","1658503336972","Main.kt","1.1.3 for 2021-2022 @t1",
"e","""","","133","1658503336972","Main.kt","1.1.3 for 2021-2022 @t1",
"k","""",,"133","1658503336973","Main.kt","1.1.3 for 2021-2022 @t1",
"k","""",,"134","1658503337086","Main.kt","1.1.3 for 2021-2022 @t1",
"a","Left",,,"1658503337273","Main.kt","1.1.3 for 2021-2022 @t1",
"e","W","","133","1658503337714","Main.kt","1.1.3 for 2021-2022 @t1",
"k","W",,"134","1658503337715","Main.kt","1.1.3 for 2021-2022 @t1",
"e","o","","134","1658503337961","Main.kt","1.1.3 for 2021-2022 @t1",
"k","o",,"135","1658503337962","Main.kt","1.1.3 for 2021-2022 @t1",
"e","o","","135","1658503338245","Main.kt","1.1.3 for 2021-2022 @t1",
"k","o",,"136","1658503338246","Main.kt","1.1.3 for 2021-2022 @t1",
"e","k","","136","1658503338446","Main.kt","1.1.3 for 2021-2022 @t1",
"k","k",,"137","1658503338447","Main.kt","1.1.3 for 2021-2022 @t1",
"a","Backspace",,,"1658503338682","Main.kt","1.1.3 for 2021-2022 @t1",
"e","","k","136","1658503338683","Main.kt","1.1.3 for 2021-2022 @t1",
"e","f","","136","1658503338786","Main.kt","1.1.3 for 2021-2022 @t1",
"k","f",,"137","1658503338787","Main.kt","1.1.3 for 2021-2022 @t1",
"e","!","","137","1658503339418","Main.kt","1.1.3 for 2021-2022 @t1",
"k","!",,"138","1658503339419","Main.kt","1.1.3 for 2021-2022 @t1",
"e",""," ","74","1658503343128","Main.kt","1.1.3 for 2021-2022 @t1",
"a","Enter",,,"1658503361060","Main.kt","1.1.3 for 2021-2022 @t1",
"e","    
","","58","1658503361063","Main.kt","1.1.3 for 2021-2022 @t1",
"a","Up",,,"1658503361270","Main.kt","1.1.3 for 2021-2022 @t1",
"e","i","","62","1658503361919","Main.kt","1.1.3 for 2021-2022 @t1",
"k","i",,"63","1658503361920","Main.kt","1.1.3 for 2021-2022 @t1",
"e","","i
    ","62","1658503361929","Main.kt","1.1.3 for 2021-2022 @t1",
"e"," ","","74","1658503361929","Main.kt","1.1.3 for 2021-2022 @t1",
"e","    i$
","","58","1658503361930","Main.kt","1.1.3 for 2021-2022 @t1",
"e",""," ","81","1658503361930","Main.kt","1.1.3 for 2021-2022 @t1",
"e","","$","63","1658503361995","Main.kt","1.1.3 for 2021-2022 @t1",
"e","f","","63","1658503361996","Main.kt","1.1.3 for 2021-2022 @t1",
"k","f",,"64","1658503361996","Main.kt","1.1.3 for 2021-2022 @t1",
"e","$","","64","1658503362001","Main.kt","1.1.3 for 2021-2022 @t1",
"e","","$","64","1658503362081","Main.kt","1.1.3 for 2021-2022 @t1",
"e"," ","","64","1658503362082","Main.kt","1.1.3 for 2021-2022 @t1",
"k"," ",,"65","1658503362083","Main.kt","1.1.3 for 2021-2022 @t1",
"e","(","","65","1658503362210","Main.kt","1.1.3 for 2021-2022 @t1",
"e",")","","66","1658503362211","Main.kt","1.1.3 for 2021-2022 @t1",
"k","(",,"66","1658503362212","Main.kt","1.1.3 for 2021-2022 @t1",
"k",")",,"67","1658503362265","Main.kt","1.1.3 for 2021-2022 @t1",
"a","Left",,,"1658503362497","Main.kt","1.1.3 for 2021-2022 @t1",
"e","d","","66","1658503362705","Main.kt","1.1.3 for 2021-2022 @t1",
"k","d",,"67","1658503362705","Main.kt","1.1.3 for 2021-2022 @t1",
"e",""," (d","64","1658503362713","Main.kt","1.1.3 for 2021-2022 @t1",
"e","$","","64","1658503362714","Main.kt","1.1.3 for 2021-2022 @t1",
"e"," (d","","64","1658503362713","Main.kt","1.1.3 for 2021-2022 @t1",
"e","","$","67","1658503362804","Main.kt","1.1.3 for 2021-2022 @t1",
"e","o","","67","1658503362805","Main.kt","1.1.3 for 2021-2022 @t1",
"k","o",,"68","1658503362804","Main.kt","1.1.3 for 2021-2022 @t1",
"e","$","","68","1658503362811","Main.kt","1.1.3 for 2021-2022 @t1",
"e","","$","68","1658503362904","Main.kt","1.1.3 for 2021-2022 @t1",
"e","g","","68","1658503362905","Main.kt","1.1.3 for 2021-2022 @t1",
"k","g",,"69","1658503362905","Main.kt","1.1.3 for 2021-2022 @t1",
"e","$","","69","1658503362910","Main.kt","1.1.3 for 2021-2022 @t1",
"e","","$","69","1658503363057","Main.kt","1.1.3 for 2021-2022 @t1",
"e"," ","","69","1658503363058","Main.kt","1.1.3 for 2021-2022 @t1",
"k"," ",,"70","1658503363059","Main.kt","1.1.3 for 2021-2022 @t1",
"e","!","","70","1658503364184","Main.kt","1.1.3 for 2021-2022 @t1",
"k","!",,"71","1658503364184","Main.kt","1.1.3 for 2021-2022 @t1",
"e","=","","71","1658503364293","Main.kt","1.1.3 for 2021-2022 @t1",
"k","=",,"72","1658503364293","Main.kt","1.1.3 for 2021-2022 @t1",
"e"," ","","72","1658503364443","Main.kt","1.1.3 for 2021-2022 @t1",
"k"," ",,"73","1658503364443","Main.kt","1.1.3 for 2021-2022 @t1",
"e","n","","73","1658503364566","Main.kt","1.1.3 for 2021-2022 @t1",
"k","n",,"74","1658503364567","Main.kt","1.1.3 for 2021-2022 @t1",
"e"," ","","74","1658503364574","Main.kt","1.1.3 for 2021-2022 @t1",
"e",""," ","74","1658503364712","Main.kt","1.1.3 for 2021-2022 @t1",
"e","u","","74","1658503364713","Main.kt","1.1.3 for 2021-2022 @t1",
"k","u",,"75","1658503364713","Main.kt","1.1.3 for 2021-2022 @t1",
"e"," ","","75","1658503364717","Main.kt","1.1.3 for 2021-2022 @t1",
"e",""," ","75","1658503364847","Main.kt","1.1.3 for 2021-2022 @t1",
"e","l","","75","1658503364848","Main.kt","1.1.3 for 2021-2022 @t1",
"k","l",,"76","1658503364848","Main.kt","1.1.3 for 2021-2022 @t1",
"e"," ","","76","1658503364864","Main.kt","1.1.3 for 2021-2022 @t1",
"e",""," ","76","1658503364949","Main.kt","1.1.3 for 2021-2022 @t1",
"e","l","","76","1658503364950","Main.kt","1.1.3 for 2021-2022 @t1",
"k","l",,"77","1658503364949","Main.kt","1.1.3 for 2021-2022 @t1",
"e","$","","77","1658503364958","Main.kt","1.1.3 for 2021-2022 @t1",
"e","","$","77","1658503365235","Main.kt","1.1.3 for 2021-2022 @t1",
"e"," ","","77","1658503365240","Main.kt","1.1.3 for 2021-2022 @t1",
"k"," ",,"78","1658503365241","Main.kt","1.1.3 for 2021-2022 @t1",
"a","Backspace",,,"1658503365705","Main.kt","1.1.3 for 2021-2022 @t1",
"e",""," ","77","1658503365706","Main.kt","1.1.3 for 2021-2022 @t1",
"a","Right",,,"1658503365896","Main.kt","1.1.3 for 2021-2022 @t1",
"e"," ","","78","1658503366074","Main.kt","1.1.3 for 2021-2022 @t1",
"k"," ",,"79","1658503366074","Main.kt","1.1.3 for 2021-2022 @t1",
"e","{","","79","1658503366227","Main.kt","1.1.3 for 2021-2022 @t1",
"k","{",,"80","1658503366228","Main.kt","1.1.3 for 2021-2022 @t1",
"e","}","","80","1658503366297","Main.kt","1.1.3 for 2021-2022 @t1",
"k","}",,"81","1658503366298","Main.kt","1.1.3 for 2021-2022 @t1",
"a","Left",,,"1658503366489","Main.kt","1.1.3 for 2021-2022 @t1",
"a","Enter",,,"1658503366651","Main.kt","1.1.3 for 2021-2022 @t1",
"e","
    ","","80","1658503366652","Main.kt","1.1.3 for 2021-2022 @t1",
"e","    
","","81","1658503366654","Main.kt","1.1.3 for 2021-2022 @t1",
"e","    ","","85","1658503366654","Main.kt","1.1.3 for 2021-2022 @t1",
"a","Down",,,"1658503366879","Main.kt","1.1.3 for 2021-2022 @t1",
"a","Down",,,"1658503367003","Main.kt","1.1.3 for 2021-2022 @t1",
"a","Extend Selection",,,"1658503367337","Main.kt","1.1.3 for 2021-2022 @t1",
"a","Move Line Up",,,"1658503367787","Main.kt","1.1.3 for 2021-2022 @t1",
"e","    dog?.speak()
","","90","1658503367791","Main.kt","1.1.3 for 2021-2022 @t1",
"e","","    dog?.speak()
","113","1658503367792","Main.kt","1.1.3 for 2021-2022 @t1",
"a","Move Line Up",,,"1658503367980","Main.kt","1.1.3 for 2021-2022 @t1",
"e","    dog?.speak()
","","81","1658503367981","Main.kt","1.1.3 for 2021-2022 @t1",
"e","","    dog?.speak()
","107","1658503367982","Main.kt","1.1.3 for 2021-2022 @t1",
"a","Left",,,"1658503368242","Main.kt","1.1.3 for 2021-2022 @t1",
"a","Left",,,"1658503368366","Main.kt","1.1.3 for 2021-2022 @t1",
"a","Left",,,"1658503368498","Main.kt","1.1.3 for 2021-2022 @t1",
"a","Left",,,"1658503368631","Main.kt","1.1.3 for 2021-2022 @t1",
"a","Tab",,,"1658503368783","Main.kt","1.1.3 for 2021-2022 @t1",
"e","    ","","81","1658503368784","Main.kt","1.1.3 for 2021-2022 @t1",
"a","Right",,,"1658503368884","Main.kt","1.1.3 for 2021-2022 @t1",
"a","Right",,,"1658503369037","Main.kt","1.1.3 for 2021-2022 @t1",
"a","Right",,,"1658503369193","Main.kt","1.1.3 for 2021-2022 @t1",
"a","Right",,,"1658503369620","Main.kt","1.1.3 for 2021-2022 @t1",
"a","Backspace",,,"1658503369821","Main.kt","1.1.3 for 2021-2022 @t1",
"e","","?","92","1658503369823","Main.kt","1.1.3 for 2021-2022 @t1",
"a","Down",,,"1658503370246","Main.kt","1.1.3 for 2021-2022 @t1",
"a","Backspace",,,"1658503370503","Main.kt","1.1.3 for 2021-2022 @t1",
"e",""," ","108","1658503370506","Main.kt","1.1.3 for 2021-2022 @t1",
"e","","   
    ","105","1658503370507","Main.kt","1.1.3 for 2021-2022 @t1",
"a","Up",,,"1658503371040","Main.kt","1.1.3 for 2021-2022 @t1",
"a","Down",,,"1658503371222","Main.kt","1.1.3 for 2021-2022 @t1",
"a","Down",,,"1658503371371","Main.kt","1.1.3 for 2021-2022 @t1",
"a","Up",,,"1658503371727","Main.kt","1.1.3 for 2021-2022 @t1",
"a","Up",,,"1658503371919","Main.kt","1.1.3 for 2021-2022 @t1",
"a","Left",,,"1658503372094","Main.kt","1.1.3 for 2021-2022 @t1",
"a","Down",,,"1658503374500","Main.kt","1.1.3 for 2021-2022 @t1",
"a","Left",,,"1658503374716","Main.kt","1.1.3 for 2021-2022 @t1",
"a","Left",,,"1658503374877","Main.kt","1.1.3 for 2021-2022 @t1",
"a","Left",,,"1658503375019","Main.kt","1.1.3 for 2021-2022 @t1",
"a","Left",,,"1658503375270","Main.kt","1.1.3 for 2021-2022 @t1",
"a","Left",,,"1658503375305","Main.kt","1.1.3 for 2021-2022 @t1",
"a","Left",,,"1658503375339","Main.kt","1.1.3 for 2021-2022 @t1",
"a","Left",,,"1658503375420","Main.kt","1.1.3 for 2021-2022 @t1",
"a","Right",,,"1658503379558","Main.kt","1.1.3 for 2021-2022 @t1",
"a","Down",,,"1658503379844","Main.kt","1.1.3 for 2021-2022 @t1",
"a","Down",,,"1658503379979","Main.kt","1.1.3 for 2021-2022 @t1",
"a","Up",,,"1658503395102","Main.kt","1.1.3 for 2021-2022 @t1",
"a","Down",,,"1658503395338","Main.kt","1.1.3 for 2021-2022 @t1",
"a","Down",,,"1658503395459","Main.kt","1.1.3 for 2021-2022 @t1",
"a","Down",,,"1658503395595","Main.kt","1.1.3 for 2021-2022 @t1",
"a","Up",,,"1658503395760","Main.kt","1.1.3 for 2021-2022 @t1",
"a","Up",,,"1658503395892","Main.kt","1.1.3 for 2021-2022 @t1",
"a","Up",,,"1658503396051","Main.kt","1.1.3 for 2021-2022 @t1",
"a","Right",,,"1658503396198","Main.kt","1.1.3 for 2021-2022 @t1",
"a","Down",,,"1658503396604","Main.kt","1.1.3 for 2021-2022 @t1",
"a","Down",,,"1658503397339","Main.kt","1.1.3 for 2021-2022 @t1",
"a","Down",,,"1658503397590","Main.kt","1.1.3 for 2021-2022 @t1",
"a","Down",,,"1658503397622","Main.kt","1.1.3 for 2021-2022 @t1",
"a","Down",,,"1658503397656","Main.kt","1.1.3 for 2021-2022 @t1",
"a","Down",,,"1658503397690","Main.kt","1.1.3 for 2021-2022 @t1",
"a","Down",,,"1658503397724","Main.kt","1.1.3 for 2021-2022 @t1",
"a","Down",,,"1658503397758","Main.kt","1.1.3 for 2021-2022 @t1",
"a","Down",,,"1658503397793","Main.kt","1.1.3 for 2021-2022 @t1",
"a","Up",,,"1658503398009","Main.kt","1.1.3 for 2021-2022 @t1",
"a","Up",,,"1658503398176","Main.kt","1.1.3 for 2021-2022 @t1",
"a","Right",,,"1658503398363","Main.kt","1.1.3 for 2021-2022 @t1",
"a","Right",,,"1658503398614","Main.kt","1.1.3 for 2021-2022 @t1",
"a","Right",,,"1658503398648","Main.kt","1.1.3 for 2021-2022 @t1",
"a","Right",,,"1658503398682","Main.kt","1.1.3 for 2021-2022 @t1",
"a","Right",,,"1658503398717","Main.kt","1.1.3 for 2021-2022 @t1",
"a","Right",,,"1658503398750","Main.kt","1.1.3 for 2021-2022 @t1",
"a","Right",,,"1658503399145","Main.kt","1.1.3 for 2021-2022 @t1",
"a","Right",,,"1658503399334","Main.kt","1.1.3 for 2021-2022 @t1",
"a","Left",,,"1658503399456","Main.kt","1.1.3 for 2021-2022 @t1",
"a","Left",,,"1658503399579","Main.kt","1.1.3 for 2021-2022 @t1",
"a","Left",,,"1658503399716","Main.kt","1.1.3 for 2021-2022 @t1",
"a","Right",,,"1658503399913","Main.kt","1.1.3 for 2021-2022 @t1",
"a","Right",,,"1658503401287","Main.kt","1.1.3 for 2021-2022 @t1",
"a","Right",,,"1658503401536","Main.kt","1.1.3 for 2021-2022 @t1",
"a","Right",,,"1658503401569","Main.kt","1.1.3 for 2021-2022 @t1",
"a","Right",,,"1658503401603","Main.kt","1.1.3 for 2021-2022 @t1",
"a","Right",,,"1658503401637","Main.kt","1.1.3 for 2021-2022 @t1",
"a","Right",,,"1658503401671","Main.kt","1.1.3 for 2021-2022 @t1",
"a","Right",,,"1658503401701","Main.kt","1.1.3 for 2021-2022 @t1",
"a","Right",,,"1658503401738","Main.kt","1.1.3 for 2021-2022 @t1",
"a","Right",,,"1658503401771","Main.kt","1.1.3 for 2021-2022 @t1",
"a","Right",,,"1658503401804","Main.kt","1.1.3 for 2021-2022 @t1",
"a","Right",,,"1658503401837","Main.kt","1.1.3 for 2021-2022 @t1",
"a","Right",,,"1658503402294","Main.kt","1.1.3 for 2021-2022 @t1",
"e",":","","144","1658503402732","Main.kt","1.1.3 for 2021-2022 @t1",
"k",":",,"145","1658503402736","Main.kt","1.1.3 for 2021-2022 @t1",
"e","",": ","144","1658503402741","Main.kt","1.1.3 for 2021-2022 @t1",
"e",":  ","","144","1658503402853","Main.kt","1.1.3 for 2021-2022 @t1",
"k"," ",,"146","1658503402854","Main.kt","1.1.3 for 2021-2022 @t1",
"e","S","","146","1658503403153","Main.kt","1.1.3 for 2021-2022 @t1",
"k","S",,"147","1658503403153","Main.kt","1.1.3 for 2021-2022 @t1",
"e","",") {
 ","77","1658503403168","Main.kt","1.1.3 for 2021-2022 @t1",
"e","","$)
","77","1658503403168","Main.kt","1.1.3 for 2021-2022 @t1",
"e","$)
","","77","1658503403169","Main.kt","1.1.3 for 2021-2022 @t1",
"e",") {
    ","","77","1658503403169","Main.kt","1.1.3 for 2021-2022 @t1",
"e","","   ","84","1658503403170","Main.kt","1.1.3 for 2021-2022 @t1",
"e","","?","92","1658503403170","Main.kt","1.1.3 for 2021-2022 @t1",
"e","?","","87","1658503403171","Main.kt","1.1.3 for 2021-2022 @t1",
"e","    }
","","101","1658503403168","Main.kt","1.1.3 for 2021-2022 @t1",
"e","","    }
","97","1658503403168","Main.kt","1.1.3 for 2021-2022 @t1",
"e","$","","137","1658503403168","Main.kt","1.1.3 for 2021-2022 @t1",
"e","","$","147","1658503403376","Main.kt","1.1.3 for 2021-2022 @t1",
"e","r","","147","1658503403377","Main.kt","1.1.3 for 2021-2022 @t1",
"k","r",,"148","1658503403377","Main.kt","1.1.3 for 2021-2022 @t1",
"e","$","","148","1658503403385","Main.kt","1.1.3 for 2021-2022 @t1",
"a","Backspace",,,"1658503403635","Main.kt","1.1.3 for 2021-2022 @t1",
"e","","r$","147","1658503403636","Main.kt","1.1.3 for 2021-2022 @t1",
"e","$","","147","1658503403644","Main.kt","1.1.3 for 2021-2022 @t1",
"e","","$","147","1658503404093","Main.kt","1.1.3 for 2021-2022 @t1",
"e","t","","147","1658503404094","Main.kt","1.1.3 for 2021-2022 @t1",
"k","t",,"148","1658503404099","Main.kt","1.1.3 for 2021-2022 @t1",
"e","$","","148","1658503404116","Main.kt","1.1.3 for 2021-2022 @t1",
"e","","$","148","1658503404238","Main.kt","1.1.3 for 2021-2022 @t1",
"e","r","","148","1658503404239","Main.kt","1.1.3 for 2021-2022 @t1",
"k","r",,"149","1658503404241","Main.kt","1.1.3 for 2021-2022 @t1",
"e","$","","149","1658503404250","Main.kt","1.1.3 for 2021-2022 @t1",
"e","","$","149","1658503404356","Main.kt","1.1.3 for 2021-2022 @t1",
"e","i","","149","1658503404357","Main.kt","1.1.3 for 2021-2022 @t1",
"k","i",,"150","1658503404359","Main.kt","1.1.3 for 2021-2022 @t1",
"e","$","","150","1658503404369","Main.kt","1.1.3 for 2021-2022 @t1",
"e","","$","150","1658503404403","Main.kt","1.1.3 for 2021-2022 @t1",
"e","n","","150","1658503404404","Main.kt","1.1.3 for 2021-2022 @t1",
"k","n",,"151","1658503404406","Main.kt","1.1.3 for 2021-2022 @t1",
"e","$","","151","1658503404416","Main.kt","1.1.3 for 2021-2022 @t1",
"e","","$","151","1658503404476","Main.kt","1.1.3 for 2021-2022 @t1",
"e","g","","151","1658503404477","Main.kt","1.1.3 for 2021-2022 @t1",
"k","g",,"152","1658503404479","Main.kt","1.1.3 for 2021-2022 @t1",
"e","$","","152","1658503404488","Main.kt","1.1.3 for 2021-2022 @t1",
"a","Down",,,"1658503404936","Main.kt","1.1.3 for 2021-2022 @t1",
"a","Down",,,"1658503405685","Main.kt","1.1.3 for 2021-2022 @t1",
"a","Up",,,"1658503405867","Main.kt","1.1.3 for 2021-2022 @t1",
"a","Left",,,"1658503405958","Main.kt","1.1.3 for 2021-2022 @t1",
"a","Right",,,"1658503406233","Main.kt","1.1.3 for 2021-2022 @t1",
"a","Left",,,"1658503406404","Main.kt","1.1.3 for 2021-2022 @t1",
"a","Left",,,"1658503406655","Main.kt","1.1.3 for 2021-2022 @t1",
"a","Left",,,"1658503406687","Main.kt","1.1.3 for 2021-2022 @t1",
"a","Left",,,"1658503406723","Main.kt","1.1.3 for 2021-2022 @t1",
"a","Left",,,"1658503406757","Main.kt","1.1.3 for 2021-2022 @t1",
"a","Left",,,"1658503406791","Main.kt","1.1.3 for 2021-2022 @t1",
"a","Left",,,"1658503406825","Main.kt","1.1.3 for 2021-2022 @t1",
"a","Left",,,"1658503407122","Main.kt","1.1.3 for 2021-2022 @t1",
"a","Backspace",,,"1658503407376","Main.kt","1.1.3 for 2021-2022 @t1",
"e","","$","152","1658503407377","Main.kt","1.1.3 for 2021-2022 @t1",
"e","","(","170","1658503407377","Main.kt","1.1.3 for 2021-2022 @t1",
"a","Backspace",,,"1658503407625","Main.kt","1.1.3 for 2021-2022 @t1",
"e","","n","169","1658503407626","Main.kt","1.1.3 for 2021-2022 @t1",
"a","Backspace",,,"1658503407658","Main.kt","1.1.3 for 2021-2022 @t1",
"e","","l","168","1658503407659","Main.kt","1.1.3 for 2021-2022 @t1",
"a","Backspace",,,"1658503407692","Main.kt","1.1.3 for 2021-2022 @t1",
"e","","t","167","1658503407693","Main.kt","1.1.3 for 2021-2022 @t1",
"a","Backspace",,,"1658503407725","Main.kt","1.1.3 for 2021-2022 @t1",
"e","","n","166","1658503407726","Main.kt","1.1.3 for 2021-2022 @t1",
"a","Backspace",,,"1658503407759","Main.kt","1.1.3 for 2021-2022 @t1",
"e","","i","165","1658503407760","Main.kt","1.1.3 for 2021-2022 @t1",
"a","Backspace",,,"1658503407792","Main.kt","1.1.3 for 2021-2022 @t1",
"e","","r","164","1658503407793","Main.kt","1.1.3 for 2021-2022 @t1",
"a","Backspace",,,"1658503407896","Main.kt","1.1.3 for 2021-2022 @t1",
"e","","p","163","1658503407897","Main.kt","1.1.3 for 2021-2022 @t1",
"e","r","","163","1658503408105","Main.kt","1.1.3 for 2021-2022 @t1",
"k","r",,"164","1658503408105","Main.kt","1.1.3 for 2021-2022 @t1",
"e","$","","164","1658503408112","Main.kt","1.1.3 for 2021-2022 @t1",
"e","","$","164","1658503408214","Main.kt","1.1.3 for 2021-2022 @t1",
"e","e","","164","1658503408215","Main.kt","1.1.3 for 2021-2022 @t1",
"k","e",,"165","1658503408215","Main.kt","1.1.3 for 2021-2022 @t1",
"e","$","","165","1658503408222","Main.kt","1.1.3 for 2021-2022 @t1",
"e","","$","165","1658503408304","Main.kt","1.1.3 for 2021-2022 @t1",
"e","t","","165","1658503408305","Main.kt","1.1.3 for 2021-2022 @t1",
"k","t",,"166","1658503408304","Main.kt","1.1.3 for 2021-2022 @t1",
"e","$","","166","1658503408310","Main.kt","1.1.3 for 2021-2022 @t1",
"e","","$","166","1658503408315","Main.kt","1.1.3 for 2021-2022 @t1",
"e","r","","166","1658503408316","Main.kt","1.1.3 for 2021-2022 @t1",
"k","r",,"167","1658503408316","Main.kt","1.1.3 for 2021-2022 @t1",
"e","$","","167","1658503408323","Main.kt","1.1.3 for 2021-2022 @t1",
"e","","$","167","1658503408460","Main.kt","1.1.3 for 2021-2022 @t1",
"e","u","","167","1658503408461","Main.kt","1.1.3 for 2021-2022 @t1",
"k","u",,"168","1658503408460","Main.kt","1.1.3 for 2021-2022 @t1",
"e","$","","168","1658503408466","Main.kt","1.1.3 for 2021-2022 @t1",
"a","Backspace",,,"1658503408854","Main.kt","1.1.3 for 2021-2022 @t1",
"e","","u$","167","1658503408855","Main.kt","1.1.3 for 2021-2022 @t1",
"e","$","","167","1658503408861","Main.kt","1.1.3 for 2021-2022 @t1",
"a","Backspace",,,"1658503408952","Main.kt","1.1.3 for 2021-2022 @t1",
"e","","r$","166","1658503408954","Main.kt","1.1.3 for 2021-2022 @t1",
"e","$","","166","1658503408960","Main.kt","1.1.3 for 2021-2022 @t1",
"e","","$","166","1658503409074","Main.kt","1.1.3 for 2021-2022 @t1",
"e","r","","166","1658503409075","Main.kt","1.1.3 for 2021-2022 @t1",
"k","r",,"167","1658503409075","Main.kt","1.1.3 for 2021-2022 @t1",
"e","$","","167","1658503409081","Main.kt","1.1.3 for 2021-2022 @t1",
"e","","$","167","1658503409148","Main.kt","1.1.3 for 2021-2022 @t1",
"e","u","","167","1658503409149","Main.kt","1.1.3 for 2021-2022 @t1",
"k","u",,"168","1658503409149","Main.kt","1.1.3 for 2021-2022 @t1",
"e","$","","168","1658503409154","Main.kt","1.1.3 for 2021-2022 @t1",
"e","","$","168","1658503409314","Main.kt","1.1.3 for 2021-2022 @t1",
"e","n","","168","1658503409315","Main.kt","1.1.3 for 2021-2022 @t1",
"k","n",,"169","1658503409316","Main.kt","1.1.3 for 2021-2022 @t1",
"e","$","","169","1658503409322","Main.kt","1.1.3 for 2021-2022 @t1",
"e","","$","169","1658503409445","Main.kt","1.1.3 for 2021-2022 @t1",
"e"," ","","169","1658503409449","Main.kt","1.1.3 for 2021-2022 @t1",
"k"," ",,"170","1658503409450","Main.kt","1.1.3 for 2021-2022 @t1",
"a","Backspace",,,"1658503409589","Main.kt","1.1.3 for 2021-2022 @t1",
"e",""," ","169","1658503409589","Main.kt","1.1.3 for 2021-2022 @t1",
"a","Backspace",,,"1658503409740","Main.kt","1.1.3 for 2021-2022 @t1",
"e","","n","168","1658503409741","Main.kt","1.1.3 for 2021-2022 @t1",
"a","Backspace",,,"1658503409869","Main.kt","1.1.3 for 2021-2022 @t1",
"e","","u","167","1658503409870","Main.kt","1.1.3 for 2021-2022 @t1",
"a","Backspace",,,"1658503410087","Main.kt","1.1.3 for 2021-2022 @t1",
"e","","r","166","1658503410088","Main.kt","1.1.3 for 2021-2022 @t1",
"e","u","","166","1658503410271","Main.kt","1.1.3 for 2021-2022 @t1",
"k","u",,"167","1658503410271","Main.kt","1.1.3 for 2021-2022 @t1",
"e","$","","167","1658503410278","Main.kt","1.1.3 for 2021-2022 @t1",
"e","","$","167","1658503410377","Main.kt","1.1.3 for 2021-2022 @t1",
"e","r","","167","1658503410378","Main.kt","1.1.3 for 2021-2022 @t1",
"k","r",,"168","1658503410378","Main.kt","1.1.3 for 2021-2022 @t1",
"e","$","","168","1658503410384","Main.kt","1.1.3 for 2021-2022 @t1",
"e","","$","168","1658503410516","Main.kt","1.1.3 for 2021-2022 @t1",
"e","n","","168","1658503410517","Main.kt","1.1.3 for 2021-2022 @t1",
"k","n",,"169","1658503410533","Main.kt","1.1.3 for 2021-2022 @t1",
"e"," ","","169","1658503410989","Main.kt","1.1.3 for 2021-2022 @t1",
"k"," ",,"170","1658503410989","Main.kt","1.1.3 for 2021-2022 @t1",
"a","Right",,,"1658503411262","Main.kt","1.1.3 for 2021-2022 @t1",
"a","Right",,,"1658503411510","Main.kt","1.1.3 for 2021-2022 @t1",
"a","Right",,,"1658503411544","Main.kt","1.1.3 for 2021-2022 @t1",
"a","Right",,,"1658503411581","Main.kt","1.1.3 for 2021-2022 @t1",
"a","Right",,,"1658503411615","Main.kt","1.1.3 for 2021-2022 @t1",
"a","Right",,,"1658503411646","Main.kt","1.1.3 for 2021-2022 @t1",
"a","Right",,,"1658503411794","Main.kt","1.1.3 for 2021-2022 @t1",
"a","Right",,,"1658503411951","Main.kt","1.1.3 for 2021-2022 @t1",
"a","Backspace",,,"1658503412179","Main.kt","1.1.3 for 2021-2022 @t1",
"e","",")","177","1658503412180","Main.kt","1.1.3 for 2021-2022 @t1",
"a","Up",,,"1658503413498","Main.kt","1.1.3 for 2021-2022 @t1",
"a","Up",,,"1658503413652","Main.kt","1.1.3 for 2021-2022 @t1",
"a","Up",,,"1658503413800","Main.kt","1.1.3 for 2021-2022 @t1",
"a","Up",,,"1658503413934","Main.kt","1.1.3 for 2021-2022 @t1",
"a","Up",,,"1658503414079","Main.kt","1.1.3 for 2021-2022 @t1",
"a","Up",,,"1658503414330","Main.kt","1.1.3 for 2021-2022 @t1",
"a","Up",,,"1658503414361","Main.kt","1.1.3 for 2021-2022 @t1",
"a","Up",,,"1658503414395","Main.kt","1.1.3 for 2021-2022 @t1",
"a","Up",,,"1658503414428","Main.kt","1.1.3 for 2021-2022 @t1",
"a","Down",,,"1658503414615","Main.kt","1.1.3 for 2021-2022 @t1",
"a","Down",,,"1658503414764","Main.kt","1.1.3 for 2021-2022 @t1",
"a","Down",,,"1658503414896","Main.kt","1.1.3 for 2021-2022 @t1",
"a","Left",,,"1658503415095","Main.kt","1.1.3 for 2021-2022 @t1",
"a","Left",,,"1658503415346","Main.kt","1.1.3 for 2021-2022 @t1",
"a","Left",,,"1658503415379","Main.kt","1.1.3 for 2021-2022 @t1",
"a","Left",,,"1658503415412","Main.kt","1.1.3 for 2021-2022 @t1",
"a","Left",,,"1658503415443","Main.kt","1.1.3 for 2021-2022 @t1",
"a","Left",,,"1658503415477","Main.kt","1.1.3 for 2021-2022 @t1",
"a","Left",,,"1658503415511","Main.kt","1.1.3 for 2021-2022 @t1",
"a","Left",,,"1658503415545","Main.kt","1.1.3 for 2021-2022 @t1",
"a","Left",,,"1658503415578","Main.kt","1.1.3 for 2021-2022 @t1",
"a","Left",,,"1658503415769","Main.kt","1.1.3 for 2021-2022 @t1",
"a","Up",,,"1658503415927","Main.kt","1.1.3 for 2021-2022 @t1",
"a","Move Caret to Line End",,,"1658503416431","Main.kt","1.1.3 for 2021-2022 @t1",
"a","Delete Line",,,"1658503416706","Main.kt","1.1.3 for 2021-2022 @t1",
"e","","if (dog != null) {
    ","62","1658503416710","Main.kt","1.1.3 for 2021-2022 @t1",
"a","Down",,,"1658503417090","Main.kt","1.1.3 for 2021-2022 @t1",
"a","Backspace",,,"1658503417555","Main.kt","1.1.3 for 2021-2022 @t1",
"e","","}","82","1658503417556","Main.kt","1.1.3 for 2021-2022 @t1",
"a","Up",,,"1658503417834","Main.kt","1.1.3 for 2021-2022 @t1",
"a","Right",,,"1658503417992","Main.kt","1.1.3 for 2021-2022 @t1",
"a","Right",,,"1658503418242","Main.kt","1.1.3 for 2021-2022 @t1",
"a","Right",,,"1658503418276","Main.kt","1.1.3 for 2021-2022 @t1",
"a","Right",,,"1658503418441","Main.kt","1.1.3 for 2021-2022 @t1",
"a","Backspace",,,"1658503418748","Main.kt","1.1.3 for 2021-2022 @t1",
"e",""," ","65","1658503418751","Main.kt","1.1.3 for 2021-2022 @t1",
"e","","   ","62","1658503418752","Main.kt","1.1.3 for 2021-2022 @t1",
"e","v","","62","1658503419350","Main.kt","1.1.3 for 2021-2022 @t1",
"k","v",,"63","1658503419350","Main.kt","1.1.3 for 2021-2022 @t1",
"e","","v","62","1658503419358","Main.kt","1.1.3 for 2021-2022 @t1",
"e","if (dog != null) {
        ","","62","1658503419359","Main.kt","1.1.3 for 2021-2022 @t1",
"e","}","","105","1658503419358","Main.kt","1.1.3 for 2021-2022 @t1",
"e","","if (dog != null) {
        ","62","1658503419358","Main.kt","1.1.3 for 2021-2022 @t1",
"e","v$","","62","1658503419359","Main.kt","1.1.3 for 2021-2022 @t1",
"e","","}","80","1658503419358","Main.kt","1.1.3 for 2021-2022 @t1",
"e","","$","63","1658503419425","Main.kt","1.1.3 for 2021-2022 @t1",
"e","a","","63","1658503419426","Main.kt","1.1.3 for 2021-2022 @t1",
"k","a",,"64","1658503419426","Main.kt","1.1.3 for 2021-2022 @t1",
"e","$","","64","1658503419431","Main.kt","1.1.3 for 2021-2022 @t1",
"e","","$","64","1658503419503","Main.kt","1.1.3 for 2021-2022 @t1",
"e","l","","64","1658503419504","Main.kt","1.1.3 for 2021-2022 @t1",
"k","l",,"65","1658503419503","Main.kt","1.1.3 for 2021-2022 @t1",
"e","$","","65","1658503419508","Main.kt","1.1.3 for 2021-2022 @t1",
"e","","$","65","1658503419612","Main.kt","1.1.3 for 2021-2022 @t1",
"e"," ","","65","1658503419618","Main.kt","1.1.3 for 2021-2022 @t1",
"k"," ",,"66","1658503419618","Main.kt","1.1.3 for 2021-2022 @t1",
"e","r","","66","1658503420459","Main.kt","1.1.3 for 2021-2022 @t1",
"k","r",,"67","1658503420459","Main.kt","1.1.3 for 2021-2022 @t1",
"e","X.f$","","67","1658503420467","Main.kt","1.1.3 for 2021-2022 @t1",
"e","","X.f$","67","1658503420522","Main.kt","1.1.3 for 2021-2022 @t1",
"e","e","","67","1658503420523","Main.kt","1.1.3 for 2021-2022 @t1",
"k","e",,"68","1658503420523","Main.kt","1.1.3 for 2021-2022 @t1",
"e","X.f$","","68","1658503420528","Main.kt","1.1.3 for 2021-2022 @t1",
"e","","X.f$","68","1658503420612","Main.kt","1.1.3 for 2021-2022 @t1",
"e","s","","68","1658503420613","Main.kt","1.1.3 for 2021-2022 @t1",
"k","s",,"69","1658503420612","Main.kt","1.1.3 for 2021-2022 @t1",
"e","X.f$","","69","1658503420618","Main.kt","1.1.3 for 2021-2022 @t1",
"e","","X.f$","69","1658503420754","Main.kt","1.1.3 for 2021-2022 @t1",
"e","t","","69","1658503420755","Main.kt","1.1.3 for 2021-2022 @t1",
"k","t",,"70","1658503420756","Main.kt","1.1.3 for 2021-2022 @t1",
"e","X.f$","","70","1658503420762","Main.kt","1.1.3 for 2021-2022 @t1",
"e","","X.f$","70","1658503420853","Main.kt","1.1.3 for 2021-2022 @t1",
"e","u","","70","1658503420854","Main.kt","1.1.3 for 2021-2022 @t1",
"k","u",,"71","1658503420854","Main.kt","1.1.3 for 2021-2022 @t1",
"e","X.f$","","71","1658503420860","Main.kt","1.1.3 for 2021-2022 @t1",
"e","","X.f$","71","1658503420924","Main.kt","1.1.3 for 2021-2022 @t1",
"e","l","","71","1658503420925","Main.kt","1.1.3 for 2021-2022 @t1",
"k","l",,"72","1658503420929","Main.kt","1.1.3 for 2021-2022 @t1",
"e","X.f$","","72","1658503420936","Main.kt","1.1.3 for 2021-2022 @t1",
"e","","X.f$","72","1658503420974","Main.kt","1.1.3 for 2021-2022 @t1",
"e","l","","72","1658503420975","Main.kt","1.1.3 for 2021-2022 @t1",
"k","l",,"73","1658503420975","Main.kt","1.1.3 for 2021-2022 @t1",
"e","X.f$","","73","1658503420980","Main.kt","1.1.3 for 2021-2022 @t1",
"e","","X.f$","73","1658503421081","Main.kt","1.1.3 for 2021-2022 @t1",
"e"," ","","73","1658503421082","Main.kt","1.1.3 for 2021-2022 @t1",
"k"," ",,"74","1658503421083","Main.kt","1.1.3 for 2021-2022 @t1",
"a","Backspace",,,"1658503421284","Main.kt","1.1.3 for 2021-2022 @t1",
"e",""," ","73","1658503421285","Main.kt","1.1.3 for 2021-2022 @t1",
"a","Backspace",,,"1658503421393","Main.kt","1.1.3 for 2021-2022 @t1",
"e","","l","72","1658503421394","Main.kt","1.1.3 for 2021-2022 @t1",
"a","Backspace",,,"1658503421520","Main.kt","1.1.3 for 2021-2022 @t1",
"e","","l","71","1658503421521","Main.kt","1.1.3 for 2021-2022 @t1",
"a","Backspace",,,"1658503421627","Main.kt","1.1.3 for 2021-2022 @t1",
"e","","u","70","1658503421628","Main.kt","1.1.3 for 2021-2022 @t1",
"e","u","","70","1658503421875","Main.kt","1.1.3 for 2021-2022 @t1",
"k","u",,"71","1658503421875","Main.kt","1.1.3 for 2021-2022 @t1",
"e","X.f$","","71","1658503421882","Main.kt","1.1.3 for 2021-2022 @t1",
"e","","X.f$","71","1658503421962","Main.kt","1.1.3 for 2021-2022 @t1",
"e","l","","71","1658503421963","Main.kt","1.1.3 for 2021-2022 @t1",
"k","l",,"72","1658503421967","Main.kt","1.1.3 for 2021-2022 @t1",
"e","X.f$","","72","1658503421974","Main.kt","1.1.3 for 2021-2022 @t1",
"a","Backspace",,,"1658503422148","Main.kt","1.1.3 for 2021-2022 @t1",
"e","","lX.f$","71","1658503422149","Main.kt","1.1.3 for 2021-2022 @t1",
"a","Backspace",,,"1658503422295","Main.kt","1.1.3 for 2021-2022 @t1",
"e","","u","70","1658503422296","Main.kt","1.1.3 for 2021-2022 @t1",
"a","Backspace",,,"1658503422405","Main.kt","1.1.3 for 2021-2022 @t1",
"e","","t","69","1658503422406","Main.kt","1.1.3 for 2021-2022 @t1",
"e","u","","69","1658503422972","Main.kt","1.1.3 for 2021-2022 @t1",
"k","u",,"70","1658503422972","Main.kt","1.1.3 for 2021-2022 @t1",
"e","X.f$","","70","1658503422979","Main.kt","1.1.3 for 2021-2022 @t1",
"e","","X.f$","70","1658503423046","Main.kt","1.1.3 for 2021-2022 @t1",
"e","l","","70","1658503423047","Main.kt","1.1.3 for 2021-2022 @t1",
"k","l",,"71","1658503423046","Main.kt","1.1.3 for 2021-2022 @t1",
"e","X.f$","","71","1658503423051","Main.kt","1.1.3 for 2021-2022 @t1",
"e","","X.f$","71","1658503423291","Main.kt","1.1.3 for 2021-2022 @t1",
"e","t","","71","1658503423292","Main.kt","1.1.3 for 2021-2022 @t1",
"k","t",,"72","1658503423295","Main.kt","1.1.3 for 2021-2022 @t1",
"e"," ","","72","1658503423508","Main.kt","1.1.3 for 2021-2022 @t1",
"k"," ",,"73","1658503423508","Main.kt","1.1.3 for 2021-2022 @t1",
"e","=","","73","1658503423608","Main.kt","1.1.3 for 2021-2022 @t1",
"k","=",,"74","1658503423609","Main.kt","1.1.3 for 2021-2022 @t1",
"e"," ","","74","1658503423698","Main.kt","1.1.3 for 2021-2022 @t1",
"k"," ",,"75","1658503423699","Main.kt","1.1.3 for 2021-2022 @t1",
"a","Right",,,"1658503424136","Main.kt","1.1.3 for 2021-2022 @t1",
"a","Right",,,"1658503424389","Main.kt","1.1.3 for 2021-2022 @t1",
"a","Right",,,"1658503424423","Main.kt","1.1.3 for 2021-2022 @t1",
"a","Right",,,"1658503424456","Main.kt","1.1.3 for 2021-2022 @t1",
"a","Right",,,"1658503424494","Main.kt","1.1.3 for 2021-2022 @t1",
"a","Right",,,"1658503424522","Main.kt","1.1.3 for 2021-2022 @t1",
"a","Left",,,"1658503424725","Main.kt","1.1.3 for 2021-2022 @t1",
"a","Left",,,"1658503424870","Main.kt","1.1.3 for 2021-2022 @t1",
"a","Left",,,"1658503425024","Main.kt","1.1.3 for 2021-2022 @t1",
"e","?","","78","1658503425557","Main.kt","1.1.3 for 2021-2022 @t1",
"k","?",,"79","1658503425557","Main.kt","1.1.3 for 2021-2022 @t1",
"a","Right",,,"1658503426070","Main.kt","1.1.3 for 2021-2022 @t1",
"a","Right",,,"1658503426321","Main.kt","1.1.3 for 2021-2022 @t1",
"a","Right",,,"1658503426355","Main.kt","1.1.3 for 2021-2022 @t1",
"a","Right",,,"1658503426386","Main.kt","1.1.3 for 2021-2022 @t1",
"a","Right",,,"1658503426422","Main.kt","1.1.3 for 2021-2022 @t1",
"a","Right",,,"1658503426456","Main.kt","1.1.3 for 2021-2022 @t1",
"a","Right",,,"1658503426497","Main.kt","1.1.3 for 2021-2022 @t1",
"a","Right",,,"1658503426522","Main.kt","1.1.3 for 2021-2022 @t1",
"e"," ","","87","1658503427038","Main.kt","1.1.3 for 2021-2022 @t1",
"k"," ",,"88","1658503427039","Main.kt","1.1.3 for 2021-2022 @t1",
"e","?","","88","1658503429512","Main.kt","1.1.3 for 2021-2022 @t1",
"k","?",,"89","1658503429513","Main.kt","1.1.3 for 2021-2022 @t1",
"e",":","","89","1658503429871","Main.kt","1.1.3 for 2021-2022 @t1",
"k",":",,"90","1658503429873","Main.kt","1.1.3 for 2021-2022 @t1",
"e"," ","","90","1658503430399","Main.kt","1.1.3 for 2021-2022 @t1",
"k"," ",,"91","1658503430399","Main.kt","1.1.3 for 2021-2022 @t1",
"e","'","","91","1658503431881","Main.kt","1.1.3 for 2021-2022 @t1",
"e","'","","92","1658503431882","Main.kt","1.1.3 for 2021-2022 @t1",
"k","'",,"92","1658503431882","Main.kt","1.1.3 for 2021-2022 @t1",
"a","Backspace",,,"1658503432144","Main.kt","1.1.3 for 2021-2022 @t1",
"e","","'","92","1658503432146","Main.kt","1.1.3 for 2021-2022 @t1",
"e","","'","91","1658503432147","Main.kt","1.1.3 for 2021-2022 @t1",
"e","""","","91","1658503432380","Main.kt","1.1.3 for 2021-2022 @t1",
"e","""","","92","1658503432381","Main.kt","1.1.3 for 2021-2022 @t1",
"k","""",,"92","1658503432381","Main.kt","1.1.3 for 2021-2022 @t1",
"a","Right",,,"1658503433061","Main.kt","1.1.3 for 2021-2022 @t1",
"a","Left",,,"1658503433490","Main.kt","1.1.3 for 2021-2022 @t1",
"a","Left",,,"1658503433640","Main.kt","1.1.3 for 2021-2022 @t1",
"a","Left",,,"1658503433891","Main.kt","1.1.3 for 2021-2022 @t1",
"a","Left",,,"1658503433926","Main.kt","1.1.3 for 2021-2022 @t1",
"a","Left",,,"1658503433959","Main.kt","1.1.3 for 2021-2022 @t1",
"a","Left",,,"1658503433992","Main.kt","1.1.3 for 2021-2022 @t1",
"a","Left",,,"1658503434024","Main.kt","1.1.3 for 2021-2022 @t1",
"a","Right",,,"1658503434226","Main.kt","1.1.3 for 2021-2022 @t1",
"a","Left with Selection",,,"1658503434462","Main.kt","1.1.3 for 2021-2022 @t1",
"a","Left with Selection",,,"1658503434712","Main.kt","1.1.3 for 2021-2022 @t1",
"a","Left with Selection",,,"1658503434746","Main.kt","1.1.3 for 2021-2022 @t1",
"a","Left with Selection",,,"1658503434778","Main.kt","1.1.3 for 2021-2022 @t1",
"a","Left with Selection",,,"1658503434812","Main.kt","1.1.3 for 2021-2022 @t1",
"a","Left with Selection",,,"1658503434847","Main.kt","1.1.3 for 2021-2022 @t1",
"a","Left with Selection",,,"1658503434879","Main.kt","1.1.3 for 2021-2022 @t1",
"a","Left with Selection",,,"1658503434914","Main.kt","1.1.3 for 2021-2022 @t1",
"a","Left with Selection",,,"1658503434947","Main.kt","1.1.3 for 2021-2022 @t1",
"a","Left with Selection",,,"1658503434981","Main.kt","1.1.3 for 2021-2022 @t1",
"a","Left with Selection",,,"1658503435014","Main.kt","1.1.3 for 2021-2022 @t1",
"a","Left with Selection",,,"1658503435176","Main.kt","1.1.3 for 2021-2022 @t1",
"a","Right",,,"1658503439458","Main.kt","1.1.3 for 2021-2022 @t1",
"a","Right",,,"1658503439590","Main.kt","1.1.3 for 2021-2022 @t1",
"a","Right",,,"1658503439840","Main.kt","1.1.3 for 2021-2022 @t1",
"a","Right",,,"1658503439874","Main.kt","1.1.3 for 2021-2022 @t1",
"a","Right",,,"1658503439907","Main.kt","1.1.3 for 2021-2022 @t1",
"a","Right",,,"1658503439942","Main.kt","1.1.3 for 2021-2022 @t1",
"a","Right",,,"1658503445523","Main.kt","1.1.3 for 2021-2022 @t1",
"a","Right",,,"1658503445660","Main.kt","1.1.3 for 2021-2022 @t1",
"a","Left",,,"1658503445781","Main.kt","1.1.3 for 2021-2022 @t1",
"a","Left",,,"1658503445903","Main.kt","1.1.3 for 2021-2022 @t1",
"a","Right",,,"1658503446697","Main.kt","1.1.3 for 2021-2022 @t1",
"a","Left",,,"1658503446924","Main.kt","1.1.3 for 2021-2022 @t1",
"e","A","","92","1658503447736","Main.kt","1.1.3 for 2021-2022 @t1",
"k","A",,"93","1658503447737","Main.kt","1.1.3 for 2021-2022 @t1",
"e","S","","93","1658503447767","Main.kt","1.1.3 for 2021-2022 @t1",
"k","S",,"94","1658503447768","Main.kt","1.1.3 for 2021-2022 @t1",
"e","d","","94","1658503447839","Main.kt","1.1.3 for 2021-2022 @t1",
"k","d",,"95","1658503447840","Main.kt","1.1.3 for 2021-2022 @t1",
"e","f","","95","1658503447883","Main.kt","1.1.3 for 2021-2022 @t1",
"k","f",,"96","1658503447884","Main.kt","1.1.3 for 2021-2022 @t1",
"a","Backspace",,,"1658503447989","Main.kt","1.1.3 for 2021-2022 @t1",
"e","","f","95","1658503447990","Main.kt","1.1.3 for 2021-2022 @t1",
"a","Backspace",,,"1658503448375","Main.kt","1.1.3 for 2021-2022 @t1",
"e","","d","94","1658503448375","Main.kt","1.1.3 for 2021-2022 @t1",
"a","Backspace",,,"1658503448492","Main.kt","1.1.3 for 2021-2022 @t1",
"e","","S","93","1658503448493","Main.kt","1.1.3 for 2021-2022 @t1",
"a","Backspace",,,"1658503448759","Main.kt","1.1.3 for 2021-2022 @t1",
"e","","A","92","1658503448760","Main.kt","1.1.3 for 2021-2022 @t1",
"e","s","","92","1658503448925","Main.kt","1.1.3 for 2021-2022 @t1",
"k","s",,"93","1658503448926","Main.kt","1.1.3 for 2021-2022 @t1",
"e","d","","93","1658503449005","Main.kt","1.1.3 for 2021-2022 @t1",
"k","d",,"94","1658503449010","Main.kt","1.1.3 for 2021-2022 @t1",
"e","f","","94","1658503449097","Main.kt","1.1.3 for 2021-2022 @t1",
"k","f",,"95","1658503449098","Main.kt","1.1.3 for 2021-2022 @t1",
"a","Right",,,"1658503449371","Main.kt","1.1.3 for 2021-2022 @t1",
"a","Left",,,"1658503449499","Main.kt","1.1.3 for 2021-2022 @t1",
"a","Left",,,"1658503449749","Main.kt","1.1.3 for 2021-2022 @t1",
"a","Left",,,"1658503449781","Main.kt","1.1.3 for 2021-2022 @t1",
"a","Left",,,"1658503449818","Main.kt","1.1.3 for 2021-2022 @t1",
"a","Left",,,"1658503449848","Main.kt","1.1.3 for 2021-2022 @t1",
"a","Left",,,"1658503449881","Main.kt","1.1.3 for 2021-2022 @t1",
"a","Left",,,"1658503449915","Main.kt","1.1.3 for 2021-2022 @t1",
"a","Left",,,"1658503449950","Main.kt","1.1.3 for 2021-2022 @t1",
"a","Left",,,"1658503449985","Main.kt","1.1.3 for 2021-2022 @t1",
"a","Right",,,"1658503450223","Main.kt","1.1.3 for 2021-2022 @t1",
"a","Left",,,"1658503450360","Main.kt","1.1.3 for 2021-2022 @t1",
"a","Left with Selection",,,"1658503450579","Main.kt","1.1.3 for 2021-2022 @t1",
"a","Left with Selection",,,"1658503450829","Main.kt","1.1.3 for 2021-2022 @t1",
"a","Left with Selection",,,"1658503450862","Main.kt","1.1.3 for 2021-2022 @t1",
"a","Left with Selection",,,"1658503450897","Main.kt","1.1.3 for 2021-2022 @t1",
"a","Left with Selection",,,"1658503450931","Main.kt","1.1.3 for 2021-2022 @t1",
"a","Left with Selection",,,"1658503450964","Main.kt","1.1.3 for 2021-2022 @t1",
"a","Left with Selection",,,"1658503450999","Main.kt","1.1.3 for 2021-2022 @t1",
"a","Left with Selection",,,"1658503451031","Main.kt","1.1.3 for 2021-2022 @t1",
"a","Left with Selection",,,"1658503451066","Main.kt","1.1.3 for 2021-2022 @t1",
"a","Left with Selection",,,"1658503451101","Main.kt","1.1.3 for 2021-2022 @t1",
"a","Left with Selection",,,"1658503451134","Main.kt","1.1.3 for 2021-2022 @t1",
"a","Left with Selection",,,"1658503451167","Main.kt","1.1.3 for 2021-2022 @t1",
"a","Right",,,"1658503453172","Main.kt","1.1.3 for 2021-2022 @t1",
"a","Right",,,"1658503453420","Main.kt","1.1.3 for 2021-2022 @t1",
"a","Right",,,"1658503453456","Main.kt","1.1.3 for 2021-2022 @t1",
"a","Right",,,"1658503453490","Main.kt","1.1.3 for 2021-2022 @t1",
"a","Left",,,"1658503453540","Main.kt","1.1.3 for 2021-2022 @t1",
"a","Right",,,"1658503453709","Main.kt","1.1.3 for 2021-2022 @t1",
"a","Right",,,"1658503453834","Main.kt","1.1.3 for 2021-2022 @t1",
"a","Right",,,"1658503453997","Main.kt","1.1.3 for 2021-2022 @t1",
"a","Left",,,"1658503454242","Main.kt","1.1.3 for 2021-2022 @t1",
"a","Right with Selection",,,"1658503454424","Main.kt","1.1.3 for 2021-2022 @t1",
"a","Right with Selection",,,"1658503454675","Main.kt","1.1.3 for 2021-2022 @t1",
"a","Right with Selection",,,"1658503454709","Main.kt","1.1.3 for 2021-2022 @t1",
"a","Right with Selection",,,"1658503454742","Main.kt","1.1.3 for 2021-2022 @t1",
"a","Right",,,"1658503457068","Main.kt","1.1.3 for 2021-2022 @t1",
"a","Right",,,"1658503457184","Main.kt","1.1.3 for 2021-2022 @t1",
"e","","    ","97","1658503462193","Main.kt","1.1.3 for 2021-2022 @t1",
