"e","package PACKAGE_NAME;public class FixedSizeStack {
}
","","0","1659716315288","FixedSizeStack.java","1.1.3 for 2021-2022 @t1",
"e","","package PACKAGE_NAME;","0","1659716315293","FixedSizeStack.java","1.1.3 for 2021-2022 @t1",
"a","Enter",,,"1659716317671","FixedSizeStack.java","1.1.3 for 2021-2022 @t1",
"e","
","","30","1659716317673","FixedSizeStack.java","1.1.3 for 2021-2022 @t1",
"e","    ","","30","1659716317674","FixedSizeStack.java","1.1.3 for 2021-2022 @t1",
"e","i","","34","1659716318094","FixedSizeStack.java","1.1.3 for 2021-2022 @t1",
"k","i",,"35","1659716318094","FixedSizeStack.java","1.1.3 for 2021-2022 @t1",
"e"," ","","35","1659716318099","FixedSizeStack.java","1.1.3 for 2021-2022 @t1",
"e",""," ","35","1659716318147","FixedSizeStack.java","1.1.3 for 2021-2022 @t1",
"e","n","","35","1659716318148","FixedSizeStack.java","1.1.3 for 2021-2022 @t1",
"k","n",,"36","1659716318147","FixedSizeStack.java","1.1.3 for 2021-2022 @t1",
"e"," ","","36","1659716318152","FixedSizeStack.java","1.1.3 for 2021-2022 @t1",
"e",""," ","36","1659716318210","FixedSizeStack.java","1.1.3 for 2021-2022 @t1",
"e","t","","36","1659716318211","FixedSizeStack.java","1.1.3 for 2021-2022 @t1",
"k","t",,"37","1659716318212","FixedSizeStack.java","1.1.3 for 2021-2022 @t1",
"e"," ","","37","1659716318217","FixedSizeStack.java","1.1.3 for 2021-2022 @t1",
"e",""," ","37","1659716318326","FixedSizeStack.java","1.1.3 for 2021-2022 @t1",
"e"," ","","37","1659716318331","FixedSizeStack.java","1.1.3 for 2021-2022 @t1",
"k"," ",,"38","1659716318331","FixedSizeStack.java","1.1.3 for 2021-2022 @t1",
"a","Backspace",,,"1659716318503","FixedSizeStack.java","1.1.3 for 2021-2022 @t1",
"e",""," ","37","1659716318504","FixedSizeStack.java","1.1.3 for 2021-2022 @t1",
