"a","Outside edit","","","1657726652932","Main.java","1.1.3 for 2021-2022 @t1",
"a","Outside edit","","","1657726652932",".gitignore","1.1.3 for 2021-2022 @t1",
"a","Outside edit","","","1657726652932","Main.kt","1.1.3 for 2021-2022 @t1",
"a","Outside edit","","","1657726652932","Person.java","1.1.3 for 2021-2022 @t1",
"a","Outside edit","","","1657726652932","Person.java","1.1.3 for 2021-2022 @t1",
"a","Outside edit","","","1657726652932","test.txt","1.1.3 for 2021-2022 @t1",
"e","","No Phanon history found: /Users/josephditton/school/summer2022/1410/Inheritance/showyourwork/showyourwork.log Player unable to render
","0","1657726652932","test.txt","1.1.3 for 2021-2022 @t1",
"e","","","0","1657726652932","test.txt","1.1.3 for 2021-2022 @t1",
"a","Outside edit","","","1657726652933","Indentification.java","1.1.3 for 2021-2022 @t1",
"a","Outside edit","","","1657726652933","Identification.java","1.1.3 for 2021-2022 @t1",
"a","Outside edit","","","1657726652933","Student.java","1.1.3 for 2021-2022 @t1",
"a","Outside edit","","","1657726652933","Student.java","1.1.3 for 2021-2022 @t1",
"a","Outside edit","","","1657726652933","Course.java","1.1.3 for 2021-2022 @t1",
"a","Outside edit","","","1657726652933","School.java","1.1.3 for 2021-2022 @t1",
"a","Outside edit","","","1657726652933","MyStringBuilder.java","1.1.3 for 2021-2022 @t1",
"a","Outside edit","","","1657726652934","Main.java","1.1.3 for 2021-2022 @t1",
"a","Outside edit","","","1657726652934",".gitignore","1.1.3 for 2021-2022 @t1",
"a","Outside edit","","","1657726652934","Main.kt","1.1.3 for 2021-2022 @t1",
"a","Outside edit","","","1657726652934","Person.java","1.1.3 for 2021-2022 @t1",
"a","Outside edit","","","1657726652934","Person.java","1.1.3 for 2021-2022 @t1",
"a","Outside edit","","","1657726652934","test.txt","1.1.3 for 2021-2022 @t1",
"e","","No Phanon history found: /Users/josephditton/school/summer2022/1410/Inheritance/showyourwork/showyourwork.log Player unable to render
","0","1657726652934","test.txt","1.1.3 for 2021-2022 @t1",
"e","","","0","1657726652934","test.txt","1.1.3 for 2021-2022 @t1",
"a","Outside edit","","","1657726652934","Indentification.java","1.1.3 for 2021-2022 @t1",
"a","Outside edit","","","1657726652934","Identification.java","1.1.3 for 2021-2022 @t1",
"a","Outside edit","","","1657726652935","Main.java","1.1.3 for 2021-2022 @t1",
"a","Outside edit","","","1657726652935",".gitignore","1.1.3 for 2021-2022 @t1",
"a","Outside edit","","","1657726652935","Main.kt","1.1.3 for 2021-2022 @t1",
"a","Outside edit","","","1657726652935","Person.java","1.1.3 for 2021-2022 @t1",
"a","Outside edit","","","1657726652935","Person.java","1.1.3 for 2021-2022 @t1",
"a","Outside edit","","","1657726652935","test.txt","1.1.3 for 2021-2022 @t1",
"e","","No Phanon history found: /Users/josephditton/school/summer2022/1410/Inheritance/showyourwork/showyourwork.log Player unable to render
","0","1657726652935","test.txt","1.1.3 for 2021-2022 @t1",
"e","","","0","1657726652935","test.txt","1.1.3 for 2021-2022 @t1",
"a","Outside edit","","","1657726652935","Indentification.java","1.1.3 for 2021-2022 @t1",
"a","Outside edit","","","1657726652935","Identification.java","1.1.3 for 2021-2022 @t1",
"a","Outside edit","","","1657726652936","Student.java","1.1.3 for 2021-2022 @t1",
"a","Outside edit","","","1657726652936","Student.java","1.1.3 for 2021-2022 @t1",
"a","Outside edit","","","1657726652936","Course.java","1.1.3 for 2021-2022 @t1",
"a","Outside edit","","","1657726652936","School.java","1.1.3 for 2021-2022 @t1",
"a","Outside edit","","","1657726652936","MyStringBuilder.java","1.1.3 for 2021-2022 @t1",
"a","Outside edit","","","1657726652936","AssignmentSubmission.java","1.1.3 for 2021-2022 @t1",
"a","Outside edit","","","1657726652936","Main.java","1.1.3 for 2021-2022 @t1",
"a","Outside edit","","","1657726652936",".gitignore","1.1.3 for 2021-2022 @t1",
"a","Outside edit","","","1657726652936","Main.kt","1.1.3 for 2021-2022 @t1",
"a","Outside edit","","","1657726652937","Person.java","1.1.3 for 2021-2022 @t1",
"a","Outside edit","","","1657726652937","Person.java","1.1.3 for 2021-2022 @t1",
"a","Outside edit","","","1657726652937","test.txt","1.1.3 for 2021-2022 @t1",
"e","","No Phanon history found: /Users/josephditton/school/summer2022/1410/Inheritance/showyourwork/showyourwork.log Player unable to render
","0","1657726652937","test.txt","1.1.3 for 2021-2022 @t1",
"e","","","0","1657726652937","test.txt","1.1.3 for 2021-2022 @t1",
"a","Outside edit","","","1657726652937","Indentification.java","1.1.3 for 2021-2022 @t1",
"a","Outside edit","","","1657726652937","Identification.java","1.1.3 for 2021-2022 @t1",
"a","ShowYourWork Init","","","000","ShowYourWork Init","1.1.3 for 2021-2022 @t1",
"a","Outside edit","","","1657729359179","Main.java","1.1.3 for 2021-2022 @t1",
"a","Outside edit","","","1657729359179",".gitignore","1.1.3 for 2021-2022 @t1",
"a","Outside edit","","","1657729359214","Main.java","1.1.3 for 2021-2022 @t1",
"a","Outside edit","","","1657729359214",".gitignore","1.1.3 for 2021-2022 @t1",
"a","Outside edit","","","1657729359228","Main.java","1.1.3 for 2021-2022 @t1",
"a","Outside edit","","","1657729359228",".gitignore","1.1.3 for 2021-2022 @t1",
"a","Outside edit","","","1657729359273","Main.java","1.1.3 for 2021-2022 @t1",
"a","Outside edit","","","1657729359273",".gitignore","1.1.3 for 2021-2022 @t1",
"a","Outside edit","","","1657729359285","Dog.java","1.1.3 for 2021-2022 @t1",
"a","Outside edit","","","1657729359317","Main.java","1.1.3 for 2021-2022 @t1",
"a","Outside edit","","","1657729359317",".gitignore","1.1.3 for 2021-2022 @t1",
"a","Outside edit","","","1657729359354","Main.java","1.1.3 for 2021-2022 @t1",
"a","Outside edit","","","1657729359354",".gitignore","1.1.3 for 2021-2022 @t1",
"a","Outside edit","","","1657729359367","Main.java","1.1.3 for 2021-2022 @t1",
"a","Outside edit","","","1657729359367",".gitignore","1.1.3 for 2021-2022 @t1",
"a","Outside edit","","","1657729359408","Main.java","1.1.3 for 2021-2022 @t1",
"a","Outside edit","","","1657729359408",".gitignore","1.1.3 for 2021-2022 @t1",
"a","Outside edit","","","1657729359442","Main.java","1.1.3 for 2021-2022 @t1",
"a","Outside edit","","","1657729359442",".gitignore","1.1.3 for 2021-2022 @t1",
"a","Outside edit","","","1657729359455","Main.java","1.1.3 for 2021-2022 @t1",
"a","Outside edit","","","1657729359455",".gitignore","1.1.3 for 2021-2022 @t1",
"a","Outside edit","","","1657729359499","Main.java","1.1.3 for 2021-2022 @t1",
"a","Outside edit","","","1657729359499",".gitignore","1.1.3 for 2021-2022 @t1",
"a","Outside edit","","","1657729359511","Dog.java","1.1.3 for 2021-2022 @t1",
"a","ShowYourWork Init","","","000","ShowYourWork Init","1.1.3 for 2021-2022 @t1",
