"c","${args.joinToString()}",,"267","1657296669042","Main.kt","1.1.3 for 2021-2022 @t1",
"p","${args.joinToString()}",,"293","1657296669106","Main.kt","1.1.3 for 2021-2022 @t1",
"k","v",,"37","1657296674089","Main.kt","1.1.3 for 2021-2022 @t1",
"k","a",,"38","1657296674166","Main.kt","1.1.3 for 2021-2022 @t1",
"k","l",,"39","1657296674299","Main.kt","1.1.3 for 2021-2022 @t1",
"e","fun main(args: Array<String>) {
    val 
}","","0","1657296674563","Main.kt","1.1.3 for 2021-2022 @t1",
"k"," ",,"40","1657296674564","Main.kt","1.1.3 for 2021-2022 @t1",
"e","n","","40","1657296674938","Main.kt","1.1.3 for 2021-2022 @t1",
"k","n",,"41","1657296674939","Main.kt","1.1.3 for 2021-2022 @t1",
"e"," ","","41","1657296674980","Main.kt","1.1.3 for 2021-2022 @t1",
"e",""," ","41","1657296674987","Main.kt","1.1.3 for 2021-2022 @t1",
"e","a","","41","1657296674988","Main.kt","1.1.3 for 2021-2022 @t1",
"k","a",,"42","1657296674991","Main.kt","1.1.3 for 2021-2022 @t1",
"e"," ","","42","1657296675005","Main.kt","1.1.3 for 2021-2022 @t1",
"e",""," ","42","1657296675036","Main.kt","1.1.3 for 2021-2022 @t1",
"e","m","","42","1657296675037","Main.kt","1.1.3 for 2021-2022 @t1",
"k","m",,"43","1657296675037","Main.kt","1.1.3 for 2021-2022 @t1",
"e","e","","43","1657296675146","Main.kt","1.1.3 for 2021-2022 @t1",
"k","e",,"44","1657296675146","Main.kt","1.1.3 for 2021-2022 @t1",
"e"," ","","44","1657296675314","Main.kt","1.1.3 for 2021-2022 @t1",
"k"," ",,"45","1657296675315","Main.kt","1.1.3 for 2021-2022 @t1",
"e","=","","45","1657296675454","Main.kt","1.1.3 for 2021-2022 @t1",
"k","=",,"46","1657296675455","Main.kt","1.1.3 for 2021-2022 @t1",
"e"," ","","46","1657296675625","Main.kt","1.1.3 for 2021-2022 @t1",
"k"," ",,"47","1657296675626","Main.kt","1.1.3 for 2021-2022 @t1",
"e","""","","47","1657296676006","Main.kt","1.1.3 for 2021-2022 @t1",
"e","""","","48","1657296676007","Main.kt","1.1.3 for 2021-2022 @t1",
"k","""",,"48","1657296676008","Main.kt","1.1.3 for 2021-2022 @t1",
"k","""",,"49","1657296676194","Main.kt","1.1.3 for 2021-2022 @t1",
"e","a","","48","1657296676764","Main.kt","1.1.3 for 2021-2022 @t1",
"k","a",,"49","1657296676764","Main.kt","1.1.3 for 2021-2022 @t1",
"e","s","","49","1657296676811","Main.kt","1.1.3 for 2021-2022 @t1",
"k","s",,"50","1657296676811","Main.kt","1.1.3 for 2021-2022 @t1",
"e","d","","50","1657296676864","Main.kt","1.1.3 for 2021-2022 @t1",
"k","d",,"51","1657296676864","Main.kt","1.1.3 for 2021-2022 @t1",
"e","f","","51","1657296676917","Main.kt","1.1.3 for 2021-2022 @t1",
"k","f",,"52","1657296676918","Main.kt","1.1.3 for 2021-2022 @t1",
"e","    
","","54","1657296692762","Main.kt","1.1.3 for 2021-2022 @t1",
"e","a","","58","1657296693707","Main.kt","1.1.3 for 2021-2022 @t1",
"k","a",,"59","1657296693708","Main.kt","1.1.3 for 2021-2022 @t1",
"e","$","","59","1657296693716","Main.kt","1.1.3 for 2021-2022 @t1",
"e","","$","59","1657296693783","Main.kt","1.1.3 for 2021-2022 @t1",
"e","s","","59","1657296693784","Main.kt","1.1.3 for 2021-2022 @t1",
"k","s",,"60","1657296693784","Main.kt","1.1.3 for 2021-2022 @t1",
"e","$","","60","1657296693789","Main.kt","1.1.3 for 2021-2022 @t1",
"e","","$","60","1657296693796","Main.kt","1.1.3 for 2021-2022 @t1",
"e","d","","60","1657296693797","Main.kt","1.1.3 for 2021-2022 @t1",
"k","d",,"61","1657296693797","Main.kt","1.1.3 for 2021-2022 @t1",
"e","$","","61","1657296693805","Main.kt","1.1.3 for 2021-2022 @t1",
"e","","$","61","1657296693844","Main.kt","1.1.3 for 2021-2022 @t1",
"e","f","","61","1657296693845","Main.kt","1.1.3 for 2021-2022 @t1",
"k","f",,"62","1657296693845","Main.kt","1.1.3 for 2021-2022 @t1",
"e","$","","62","1657296693851","Main.kt","1.1.3 for 2021-2022 @t1",
"e","","f$","61","1657296694017","Main.kt","1.1.3 for 2021-2022 @t1",
"e","$","","61","1657296694023","Main.kt","1.1.3 for 2021-2022 @t1",
"e","","d$","60","1657296694150","Main.kt","1.1.3 for 2021-2022 @t1",
"e","$","","60","1657296694156","Main.kt","1.1.3 for 2021-2022 @t1",
"e","","s$","59","1657296694277","Main.kt","1.1.3 for 2021-2022 @t1",
"e","$","","59","1657296694282","Main.kt","1.1.3 for 2021-2022 @t1",
"e","","a$","58","1657296694395","Main.kt","1.1.3 for 2021-2022 @t1",
"e","
","","60","1657296699113","Main.kt","1.1.3 for 2021-2022 @t1",
"e","
","","61","1657296699220","Main.kt","1.1.3 for 2021-2022 @t1",
"e","
","","0","1657296700222","Main.kt","1.1.3 for 2021-2022 @t1",
"e","","
","0","1657296701506","Main.kt","1.1.3 for 2021-2022 @t1",
"e","
","","62","1657296702761","Main.kt","1.1.3 for 2021-2022 @t1",
"e","
","","63","1657296702917","Main.kt","1.1.3 for 2021-2022 @t1",
"e","    ","","58","1657296720493","Main.kt","1.1.3 for 2021-2022 @t1",
"e","
","","68","1657296721368","Main.kt","1.1.3 for 2021-2022 @t1",
"e","
","","69","1657296721460","Main.kt","1.1.3 for 2021-2022 @t1",
"e","c","","66","1657296721660","Main.kt","1.1.3 for 2021-2022 @t1",
"k","c",,"67","1657296721661","Main.kt","1.1.3 for 2021-2022 @t1",
"e","","    ","58","1657296721666","Main.kt","1.1.3 for 2021-2022 @t1",
"e","a$","","58","1657296721667","Main.kt","1.1.3 for 2021-2022 @t1",
"e","$","","65","1657296721668","Main.kt","1.1.3 for 2021-2022 @t1",
"e","","a$","58","1657296721666","Main.kt","1.1.3 for 2021-2022 @t1",
"e","    ","","58","1657296721667","Main.kt","1.1.3 for 2021-2022 @t1",
"e","","$","67","1657296721759","Main.kt","1.1.3 for 2021-2022 @t1",
"e","l","","67","1657296721760","Main.kt","1.1.3 for 2021-2022 @t1",
"k","l",,"68","1657296721761","Main.kt","1.1.3 for 2021-2022 @t1",
"e","a","","68","1657296721850","Main.kt","1.1.3 for 2021-2022 @t1",
"k","a",,"69","1657296721852","Main.kt","1.1.3 for 2021-2022 @t1",
"e","s","","69","1657296721922","Main.kt","1.1.3 for 2021-2022 @t1",
"k","s",,"70","1657296721924","Main.kt","1.1.3 for 2021-2022 @t1",
"e","s","","70","1657296722640","Main.kt","1.1.3 for 2021-2022 @t1",
"k","s",,"71","1657296722641","Main.kt","1.1.3 for 2021-2022 @t1",
"e","","s","70","1657296736792","Main.kt","1.1.3 for 2021-2022 @t1",
"e","","s","69","1657296736903","Main.kt","1.1.3 for 2021-2022 @t1",
"e","","a","68","1657296737046","Main.kt","1.1.3 for 2021-2022 @t1",
"e","","l","67","1657296737173","Main.kt","1.1.3 for 2021-2022 @t1",
"e","","c","66","1657296737293","Main.kt","1.1.3 for 2021-2022 @t1",
"e","","
","69","1657296738178","Main.kt","1.1.3 for 2021-2022 @t1",
"e","","
","68","1657296738285","Main.kt","1.1.3 for 2021-2022 @t1",
"e","","
","67","1657296738408","Main.kt","1.1.3 for 2021-2022 @t1",
"e","","
","66","1657296738535","Main.kt","1.1.3 for 2021-2022 @t1",
"e","","        ","54","1657296763443","Main.kt","1.1.3 for 2021-2022 @t1",
