"a","ShowYourWork Init","","","000","ShowYourWork Init","1.1.3 for 2021-2022 @t1",
"e","package PACKAGE_NAME;public class Stack {
}
","","0","1659713053982","Stack.java","1.1.3 for 2021-2022 @t1",
"e","","package PACKAGE_NAME;","0","1659713054005","Stack.java","1.1.3 for 2021-2022 @t1",
"e","<","","18","1659713056964","Stack.java","1.1.3 for 2021-2022 @t1",
"e",">","","19","1659713056966","Stack.java","1.1.3 for 2021-2022 @t1",
"k","<",,"19","1659713056969","Stack.java","1.1.3 for 2021-2022 @t1",
"k",">",,"20","1659713057016","Stack.java","1.1.3 for 2021-2022 @t1",
"a","Left",,,"1659713057270","Stack.java","1.1.3 for 2021-2022 @t1",
"e","T","","19","1659713057589","Stack.java","1.1.3 for 2021-2022 @t1",
"k","T",,"20","1659713057589","Stack.java","1.1.3 for 2021-2022 @t1",
"e"," ","","20","1659713057601","Stack.java","1.1.3 for 2021-2022 @t1",
"a","Right",,,"1659713058011","Stack.java","1.1.3 for 2021-2022 @t1",
"a","Down",,,"1659713058180","Stack.java","1.1.3 for 2021-2022 @t1",
"a","Up",,,"1659713058402","Stack.java","1.1.3 for 2021-2022 @t1",
"a","Move Caret to Line End",,,"1659713058812","Stack.java","1.1.3 for 2021-2022 @t1",
"a","Enter",,,"1659713059908","Stack.java","1.1.3 for 2021-2022 @t1",
"e",""," ","20","1659713059938","Stack.java","1.1.3 for 2021-2022 @t1",
"e","
","","24","1659713059939","Stack.java","1.1.3 for 2021-2022 @t1",
"e","    ","","24","1659713059955","Stack.java","1.1.3 for 2021-2022 @t1",
"e","p","","28","1659713070804","Stack.java","1.1.3 for 2021-2022 @t1",
"k","p",,"29","1659713070805","Stack.java","1.1.3 for 2021-2022 @t1",
"e"," ","","20","1659713070814","Stack.java","1.1.3 for 2021-2022 @t1",
"e"," ","","30","1659713070814","Stack.java","1.1.3 for 2021-2022 @t1",
"e",""," ","20","1659713070814","Stack.java","1.1.3 for 2021-2022 @t1",
"e",""," ","29","1659713070878","Stack.java","1.1.3 for 2021-2022 @t1",
"e","u","","29","1659713070879","Stack.java","1.1.3 for 2021-2022 @t1",
"k","u",,"30","1659713070879","Stack.java","1.1.3 for 2021-2022 @t1",
"e"," ","","30","1659713070884","Stack.java","1.1.3 for 2021-2022 @t1",
"e",""," ","30","1659713071054","Stack.java","1.1.3 for 2021-2022 @t1",
"e","b","","30","1659713071055","Stack.java","1.1.3 for 2021-2022 @t1",
"k","b",,"31","1659713071058","Stack.java","1.1.3 for 2021-2022 @t1",
"e","l","","31","1659713071127","Stack.java","1.1.3 for 2021-2022 @t1",
"k","l",,"32","1659713071130","Stack.java","1.1.3 for 2021-2022 @t1",
"e","i","","32","1659713071169","Stack.java","1.1.3 for 2021-2022 @t1",
"k","i",,"33","1659713071173","Stack.java","1.1.3 for 2021-2022 @t1",
"e","c","","33","1659713071222","Stack.java","1.1.3 for 2021-2022 @t1",
"k","c",,"34","1659713071231","Stack.java","1.1.3 for 2021-2022 @t1",
"e"," ","","34","1659713071352","Stack.java","1.1.3 for 2021-2022 @t1",
"k"," ",,"35","1659713071353","Stack.java","1.1.3 for 2021-2022 @t1",
"e","v","","35","1659713072232","Stack.java","1.1.3 for 2021-2022 @t1",
"k","v",,"36","1659713072233","Stack.java","1.1.3 for 2021-2022 @t1",
"e"," ","","36","1659713072241","Stack.java","1.1.3 for 2021-2022 @t1",
"e",""," ","36","1659713072361","Stack.java","1.1.3 for 2021-2022 @t1",
"e","o","","36","1659713072362","Stack.java","1.1.3 for 2021-2022 @t1",
"k","o",,"37","1659713072367","Stack.java","1.1.3 for 2021-2022 @t1",
"e"," ","","37","1659713072374","Stack.java","1.1.3 for 2021-2022 @t1",
"e",""," ","37","1659713072408","Stack.java","1.1.3 for 2021-2022 @t1",
"e","i","","37","1659713072409","Stack.java","1.1.3 for 2021-2022 @t1",
"k","i",,"38","1659713072412","Stack.java","1.1.3 for 2021-2022 @t1",
"e"," ","","38","1659713072418","Stack.java","1.1.3 for 2021-2022 @t1",
"e",""," ","38","1659713072483","Stack.java","1.1.3 for 2021-2022 @t1",
"e","d","","38","1659713072484","Stack.java","1.1.3 for 2021-2022 @t1",
"k","d",,"39","1659713072491","Stack.java","1.1.3 for 2021-2022 @t1",
"e"," ","","39","1659713072590","Stack.java","1.1.3 for 2021-2022 @t1",
"k"," ",,"40","1659713072591","Stack.java","1.1.3 for 2021-2022 @t1",
"e","p","","40","1659713072745","Stack.java","1.1.3 for 2021-2022 @t1",
"k","p",,"41","1659713072746","Stack.java","1.1.3 for 2021-2022 @t1",
"e"," ","","41","1659713072757","Stack.java","1.1.3 for 2021-2022 @t1",
"e",""," ","41","1659713072812","Stack.java","1.1.3 for 2021-2022 @t1",
"e","u","","41","1659713072813","Stack.java","1.1.3 for 2021-2022 @t1",
"k","u",,"42","1659713072812","Stack.java","1.1.3 for 2021-2022 @t1",
"e","s","","42","1659713072907","Stack.java","1.1.3 for 2021-2022 @t1",
"k","s",,"43","1659713072907","Stack.java","1.1.3 for 2021-2022 @t1",
"e","h","","43","1659713073015","Stack.java","1.1.3 for 2021-2022 @t1",
"k","h",,"44","1659713073016","Stack.java","1.1.3 for 2021-2022 @t1",
"e","(","","44","1659713073245","Stack.java","1.1.3 for 2021-2022 @t1",
"e",")","","45","1659713073246","Stack.java","1.1.3 for 2021-2022 @t1",
"k","(",,"45","1659713073246","Stack.java","1.1.3 for 2021-2022 @t1",
"k",")",,"46","1659713073291","Stack.java","1.1.3 for 2021-2022 @t1",
"a","Left",,,"1659713073552","Stack.java","1.1.3 for 2021-2022 @t1",
"e","T","","45","1659713073934","Stack.java","1.1.3 for 2021-2022 @t1",
"k","T",,"46","1659713073935","Stack.java","1.1.3 for 2021-2022 @t1",
"e"," ","","46","1659713073943","Stack.java","1.1.3 for 2021-2022 @t1",
"e",""," ","46","1659713074106","Stack.java","1.1.3 for 2021-2022 @t1",
"e"," ","","46","1659713074112","Stack.java","1.1.3 for 2021-2022 @t1",
"k"," ",,"47","1659713074113","Stack.java","1.1.3 for 2021-2022 @t1",
"e","v","","47","1659713075240","Stack.java","1.1.3 for 2021-2022 @t1",
"k","v",,"48","1659713075241","Stack.java","1.1.3 for 2021-2022 @t1",
"e"," ","","48","1659713075248","Stack.java","1.1.3 for 2021-2022 @t1",
"e",""," ","48","1659713075311","Stack.java","1.1.3 for 2021-2022 @t1",
"e","a","","48","1659713075312","Stack.java","1.1.3 for 2021-2022 @t1",
"k","a",,"49","1659713075312","Stack.java","1.1.3 for 2021-2022 @t1",
"e","l","","49","1659713075398","Stack.java","1.1.3 for 2021-2022 @t1",
"k","l",,"50","1659713075399","Stack.java","1.1.3 for 2021-2022 @t1",
"e","u","","50","1659713075458","Stack.java","1.1.3 for 2021-2022 @t1",
"k","u",,"51","1659713075458","Stack.java","1.1.3 for 2021-2022 @t1",
"e","e","","51","1659713075537","Stack.java","1.1.3 for 2021-2022 @t1",
"k","e",,"52","1659713075537","Stack.java","1.1.3 for 2021-2022 @t1",
"a","Right",,,"1659713075765","Stack.java","1.1.3 for 2021-2022 @t1",
"e"," ","","53","1659713076131","Stack.java","1.1.3 for 2021-2022 @t1",
"k"," ",,"54","1659713076131","Stack.java","1.1.3 for 2021-2022 @t1",
"e","{","","54","1659713076280","Stack.java","1.1.3 for 2021-2022 @t1",
"e","}","","55","1659713076281","Stack.java","1.1.3 for 2021-2022 @t1",
"k","{",,"55","1659713076281","Stack.java","1.1.3 for 2021-2022 @t1",
"k","}",,"56","1659713076331","Stack.java","1.1.3 for 2021-2022 @t1",
"a","Enter",,,"1659713076755","Stack.java","1.1.3 for 2021-2022 @t1",
"e","    
","","57","1659713076757","Stack.java","1.1.3 for 2021-2022 @t1",
"a","Enter",,,"1659713076858","Stack.java","1.1.3 for 2021-2022 @t1",
"e","    
","","62","1659713076862","Stack.java","1.1.3 for 2021-2022 @t1",
"e","p","","66","1659713077168","Stack.java","1.1.3 for 2021-2022 @t1",
"k","p",,"67","1659713077168","Stack.java","1.1.3 for 2021-2022 @t1",
"e"," ","","67","1659713077176","Stack.java","1.1.3 for 2021-2022 @t1",
"e",""," ","67","1659713077210","Stack.java","1.1.3 for 2021-2022 @t1",
"e","u","","67","1659713077211","Stack.java","1.1.3 for 2021-2022 @t1",
"k","u",,"68","1659713077211","Stack.java","1.1.3 for 2021-2022 @t1",
"e"," ","","68","1659713077216","Stack.java","1.1.3 for 2021-2022 @t1",
"e",""," ","68","1659713077370","Stack.java","1.1.3 for 2021-2022 @t1",
"e","b","","68","1659713077371","Stack.java","1.1.3 for 2021-2022 @t1",
"k","b",,"69","1659713077374","Stack.java","1.1.3 for 2021-2022 @t1",
"e","l","","69","1659713077481","Stack.java","1.1.3 for 2021-2022 @t1",
"k","l",,"70","1659713077484","Stack.java","1.1.3 for 2021-2022 @t1",
"e","i","","70","1659713077542","Stack.java","1.1.3 for 2021-2022 @t1",
"k","i",,"71","1659713077545","Stack.java","1.1.3 for 2021-2022 @t1",
"e","c","","71","1659713077626","Stack.java","1.1.3 for 2021-2022 @t1",
"k","c",,"72","1659713077632","Stack.java","1.1.3 for 2021-2022 @t1",
"e"," ","","72","1659713077725","Stack.java","1.1.3 for 2021-2022 @t1",
"k"," ",,"73","1659713077726","Stack.java","1.1.3 for 2021-2022 @t1",
"e","T","","73","1659713078626","Stack.java","1.1.3 for 2021-2022 @t1",
"k","T",,"74","1659713078627","Stack.java","1.1.3 for 2021-2022 @t1",
"e"," ","","74","1659713078633","Stack.java","1.1.3 for 2021-2022 @t1",
"e",""," ","74","1659713078796","Stack.java","1.1.3 for 2021-2022 @t1",
"e"," ","","74","1659713078800","Stack.java","1.1.3 for 2021-2022 @t1",
"k"," ",,"75","1659713078801","Stack.java","1.1.3 for 2021-2022 @t1",
"e","p","","75","1659713079047","Stack.java","1.1.3 for 2021-2022 @t1",
"k","p",,"76","1659713079048","Stack.java","1.1.3 for 2021-2022 @t1",
"e"," ","","76","1659713079054","Stack.java","1.1.3 for 2021-2022 @t1",
"e",""," ","76","1659713079149","Stack.java","1.1.3 for 2021-2022 @t1",
"e","o","","76","1659713079150","Stack.java","1.1.3 for 2021-2022 @t1",
"k","o",,"77","1659713079149","Stack.java","1.1.3 for 2021-2022 @t1",
"e","p","","77","1659713079245","Stack.java","1.1.3 for 2021-2022 @t1",
"k","p",,"78","1659713079246","Stack.java","1.1.3 for 2021-2022 @t1",
"e","(","","78","1659713079506","Stack.java","1.1.3 for 2021-2022 @t1",
"e",")","","79","1659713079507","Stack.java","1.1.3 for 2021-2022 @t1",
"k","(",,"79","1659713079507","Stack.java","1.1.3 for 2021-2022 @t1",
"k",")",,"80","1659713079576","Stack.java","1.1.3 for 2021-2022 @t1",
"a","Left",,,"1659713079822","Stack.java","1.1.3 for 2021-2022 @t1",
"a","Right",,,"1659713080141","Stack.java","1.1.3 for 2021-2022 @t1",
"e"," ","","80","1659713080377","Stack.java","1.1.3 for 2021-2022 @t1",
"k"," ",,"81","1659713080377","Stack.java","1.1.3 for 2021-2022 @t1",
"e","{","","81","1659713080566","Stack.java","1.1.3 for 2021-2022 @t1",
"e","}","","82","1659713080568","Stack.java","1.1.3 for 2021-2022 @t1",
"k","{",,"82","1659713080568","Stack.java","1.1.3 for 2021-2022 @t1",
"k","}",,"83","1659713080632","Stack.java","1.1.3 for 2021-2022 @t1",
"a","Left",,,"1659713081002","Stack.java","1.1.3 for 2021-2022 @t1",
"a","Up",,,"1659713081180","Stack.java","1.1.3 for 2021-2022 @t1",
"a","Up",,,"1659713081320","Stack.java","1.1.3 for 2021-2022 @t1",
"a","Up",,,"1659713081457","Stack.java","1.1.3 for 2021-2022 @t1",
"a","Move Caret to Line End",,,"1659713081772","Stack.java","1.1.3 for 2021-2022 @t1",
"a","Enter",,,"1659713082003","Stack.java","1.1.3 for 2021-2022 @t1",
"e","
","","24","1659713082008","Stack.java","1.1.3 for 2021-2022 @t1",
"e","    ","","24","1659713082009","Stack.java","1.1.3 for 2021-2022 @t1",
"e","N","","28","1659713085561","Stack.java","1.1.3 for 2021-2022 @t1",
"k","N",,"29","1659713085561","Stack.java","1.1.3 for 2021-2022 @t1",
"e"," ","","29","1659713085569","Stack.java","1.1.3 for 2021-2022 @t1",
"e",""," ","29","1659713085694","Stack.java","1.1.3 for 2021-2022 @t1",
"e","o","","29","1659713085695","Stack.java","1.1.3 for 2021-2022 @t1",
"k","o",,"30","1659713085695","Stack.java","1.1.3 for 2021-2022 @t1",
"e"," ","","30","1659713085702","Stack.java","1.1.3 for 2021-2022 @t1",
"a","Backspace",,,"1659713085996","Stack.java","1.1.3 for 2021-2022 @t1",
"e","","o ","29","1659713085997","Stack.java","1.1.3 for 2021-2022 @t1",
"a","Backspace",,,"1659713086138","Stack.java","1.1.3 for 2021-2022 @t1",
"e","","N","28","1659713086139","Stack.java","1.1.3 for 2021-2022 @t1",
"e","p","","28","1659713087077","Stack.java","1.1.3 for 2021-2022 @t1",
"k","p",,"29","1659713087078","Stack.java","1.1.3 for 2021-2022 @t1",
"e"," ","","29","1659713087084","Stack.java","1.1.3 for 2021-2022 @t1",
"e",""," ","29","1659713087207","Stack.java","1.1.3 for 2021-2022 @t1",
"e","r","","29","1659713087208","Stack.java","1.1.3 for 2021-2022 @t1",
"k","r",,"30","1659713087211","Stack.java","1.1.3 for 2021-2022 @t1",
"e"," ","","30","1659713087218","Stack.java","1.1.3 for 2021-2022 @t1",
"e",""," ","30","1659713087312","Stack.java","1.1.3 for 2021-2022 @t1",
"e","i","","30","1659713087313","Stack.java","1.1.3 for 2021-2022 @t1",
"k","i",,"31","1659713087316","Stack.java","1.1.3 for 2021-2022 @t1",
"e","v","","31","1659713087375","Stack.java","1.1.3 for 2021-2022 @t1",
"k","v",,"32","1659713087378","Stack.java","1.1.3 for 2021-2022 @t1",
"e","a","","32","1659713087442","Stack.java","1.1.3 for 2021-2022 @t1",
"k","a",,"33","1659713087445","Stack.java","1.1.3 for 2021-2022 @t1",
"e","t","","33","1659713087570","Stack.java","1.1.3 for 2021-2022 @t1",
"k","t",,"34","1659713087572","Stack.java","1.1.3 for 2021-2022 @t1",
"e","e","","34","1659713087636","Stack.java","1.1.3 for 2021-2022 @t1",
"k","e",,"35","1659713087644","Stack.java","1.1.3 for 2021-2022 @t1",
"e"," ","","35","1659713087742","Stack.java","1.1.3 for 2021-2022 @t1",
"k"," ",,"36","1659713087743","Stack.java","1.1.3 for 2021-2022 @t1",
"e","c","","36","1659713087883","Stack.java","1.1.3 for 2021-2022 @t1",
"k","c",,"37","1659713087884","Stack.java","1.1.3 for 2021-2022 @t1",
"e"," ","","37","1659713087893","Stack.java","1.1.3 for 2021-2022 @t1",
"e",""," ","37","1659713087988","Stack.java","1.1.3 for 2021-2022 @t1",
"e","l","","37","1659713087989","Stack.java","1.1.3 for 2021-2022 @t1",
"k","l",,"38","1659713087992","Stack.java","1.1.3 for 2021-2022 @t1",
"e"," ","","38","1659713087998","Stack.java","1.1.3 for 2021-2022 @t1",
"e",""," ","38","1659713088071","Stack.java","1.1.3 for 2021-2022 @t1",
"e","a","","38","1659713088072","Stack.java","1.1.3 for 2021-2022 @t1",
"k","a",,"39","1659713088074","Stack.java","1.1.3 for 2021-2022 @t1",
"e","s","","39","1659713088155","Stack.java","1.1.3 for 2021-2022 @t1",
"k","s",,"40","1659713088158","Stack.java","1.1.3 for 2021-2022 @t1",
"e","s","","40","1659713088268","Stack.java","1.1.3 for 2021-2022 @t1",
"k","s",,"41","1659713088275","Stack.java","1.1.3 for 2021-2022 @t1",
"e"," ","","41","1659713088376","Stack.java","1.1.3 for 2021-2022 @t1",
"k"," ",,"42","1659713088377","Stack.java","1.1.3 for 2021-2022 @t1",
"e","N","","42","1659713088511","Stack.java","1.1.3 for 2021-2022 @t1",
"k","N",,"43","1659713088511","Stack.java","1.1.3 for 2021-2022 @t1",
"e"," ","","43","1659713088518","Stack.java","1.1.3 for 2021-2022 @t1",
"e",""," ","43","1659713088637","Stack.java","1.1.3 for 2021-2022 @t1",
"e","o","","43","1659713088638","Stack.java","1.1.3 for 2021-2022 @t1",
"k","o",,"44","1659713088638","Stack.java","1.1.3 for 2021-2022 @t1",
"e","d","","44","1659713088840","Stack.java","1.1.3 for 2021-2022 @t1",
"k","d",,"45","1659713088841","Stack.java","1.1.3 for 2021-2022 @t1",
"e","e","","45","1659713089001","Stack.java","1.1.3 for 2021-2022 @t1",
"k","e",,"46","1659713089001","Stack.java","1.1.3 for 2021-2022 @t1",
"e","(","","46","1659713089476","Stack.java","1.1.3 for 2021-2022 @t1",
"e",")","","47","1659713089478","Stack.java","1.1.3 for 2021-2022 @t1",
"k","(",,"47","1659713089478","Stack.java","1.1.3 for 2021-2022 @t1",
"k",")",,"48","1659713089547","Stack.java","1.1.3 for 2021-2022 @t1",
"a","Backspace",,,"1659713089853","Stack.java","1.1.3 for 2021-2022 @t1",
"e","",")","47","1659713089855","Stack.java","1.1.3 for 2021-2022 @t1",
"a","Backspace",,,"1659713089975","Stack.java","1.1.3 for 2021-2022 @t1",
"e","","(","46","1659713089976","Stack.java","1.1.3 for 2021-2022 @t1",
"e"," ","","46","1659713090662","Stack.java","1.1.3 for 2021-2022 @t1",
"k"," ",,"47","1659713090662","Stack.java","1.1.3 for 2021-2022 @t1",
"e","{","","47","1659713090915","Stack.java","1.1.3 for 2021-2022 @t1",
"e","}","","48","1659713090917","Stack.java","1.1.3 for 2021-2022 @t1",
"k","{",,"48","1659713090917","Stack.java","1.1.3 for 2021-2022 @t1",
"k","}",,"49","1659713090990","Stack.java","1.1.3 for 2021-2022 @t1",
"a","Left",,,"1659713091177","Stack.java","1.1.3 for 2021-2022 @t1",
"a","Enter",,,"1659713091342","Stack.java","1.1.3 for 2021-2022 @t1",
"e","
    ","","48","1659713091344","Stack.java","1.1.3 for 2021-2022 @t1",
"e","    
","","49","1659713091350","Stack.java","1.1.3 for 2021-2022 @t1",
"e","    ","","53","1659713091352","Stack.java","1.1.3 for 2021-2022 @t1",
"e","T","","57","1659713092762","Stack.java","1.1.3 for 2021-2022 @t1",
"k","T",,"58","1659713092762","Stack.java","1.1.3 for 2021-2022 @t1",
"e"," ","","58","1659713092769","Stack.java","1.1.3 for 2021-2022 @t1",
"e",""," ","58","1659713092926","Stack.java","1.1.3 for 2021-2022 @t1",
"e"," ","","58","1659713092932","Stack.java","1.1.3 for 2021-2022 @t1",
"k"," ",,"59","1659713092932","Stack.java","1.1.3 for 2021-2022 @t1",
"e","d","","59","1659713094650","Stack.java","1.1.3 for 2021-2022 @t1",
"k","d",,"60","1659713094651","Stack.java","1.1.3 for 2021-2022 @t1",
"e"," ","","60","1659713094657","Stack.java","1.1.3 for 2021-2022 @t1",
"e",""," ","60","1659713094756","Stack.java","1.1.3 for 2021-2022 @t1",
"e","a","","60","1659713094757","Stack.java","1.1.3 for 2021-2022 @t1",
"k","a",,"61","1659713094757","Stack.java","1.1.3 for 2021-2022 @t1",
"e","t","","61","1659713094827","Stack.java","1.1.3 for 2021-2022 @t1",
"k","t",,"62","1659713094827","Stack.java","1.1.3 for 2021-2022 @t1",
"e","a","","62","1659713094924","Stack.java","1.1.3 for 2021-2022 @t1",
"k","a",,"63","1659713094925","Stack.java","1.1.3 for 2021-2022 @t1",
"a","Right",,,"1659713095388","Stack.java","1.1.3 for 2021-2022 @t1",
"a","Up",,,"1659713095612","Stack.java","1.1.3 for 2021-2022 @t1",
"a","Up",,,"1659713095832","Stack.java","1.1.3 for 2021-2022 @t1",
"a","Up",,,"1659713096015","Stack.java","1.1.3 for 2021-2022 @t1",
"a","Down",,,"1659713096204","Stack.java","1.1.3 for 2021-2022 @t1",
"a","Down",,,"1659713096333","Stack.java","1.1.3 for 2021-2022 @t1",
"a","Up",,,"1659713096511","Stack.java","1.1.3 for 2021-2022 @t1",
"a","Up",,,"1659713096706","Stack.java","1.1.3 for 2021-2022 @t1",
"a","Down",,,"1659713096936","Stack.java","1.1.3 for 2021-2022 @t1",
"a","Move Caret to Line End",,,"1659713097247","Stack.java","1.1.3 for 2021-2022 @t1",
"a","Left",,,"1659713097600","Stack.java","1.1.3 for 2021-2022 @t1",
"a","Left",,,"1659713097762","Stack.java","1.1.3 for 2021-2022 @t1",
"e","<","","46","1659713098767","Stack.java","1.1.3 for 2021-2022 @t1",
"e",">","","47","1659713098769","Stack.java","1.1.3 for 2021-2022 @t1",
"k","<",,"47","1659713098769","Stack.java","1.1.3 for 2021-2022 @t1",
"e","M","","47","1659713098772","Stack.java","1.1.3 for 2021-2022 @t1",
"k","M",,"48","1659713098772","Stack.java","1.1.3 for 2021-2022 @t1",
"e","","<M>","46","1659713098783","Stack.java","1.1.3 for 2021-2022 @t1",
"e","<M >","","46","1659713098783","Stack.java","1.1.3 for 2021-2022 @t1",
"k",">",,"49","1659713098838","Stack.java","1.1.3 for 2021-2022 @t1",
"a","Backspace",,,"1659713099319","Stack.java","1.1.3 for 2021-2022 @t1",
"e",""," >","48","1659713099320","Stack.java","1.1.3 for 2021-2022 @t1",
"a","Backspace",,,"1659713099905","Stack.java","1.1.3 for 2021-2022 @t1",
"e","","M","47","1659713099906","Stack.java","1.1.3 for 2021-2022 @t1",
"e",">","","47","1659713100267","Stack.java","1.1.3 for 2021-2022 @t1",
"k",">",,"48","1659713100272","Stack.java","1.1.3 for 2021-2022 @t1",
"a","Left",,,"1659713100564","Stack.java","1.1.3 for 2021-2022 @t1",
"e","T","","47","1659713100920","Stack.java","1.1.3 for 2021-2022 @t1",
"k","T",,"48","1659713100921","Stack.java","1.1.3 for 2021-2022 @t1",
"e"," ","","48","1659713100928","Stack.java","1.1.3 for 2021-2022 @t1",
"a","Right",,,"1659713101507","Stack.java","1.1.3 for 2021-2022 @t1",
"a","Down",,,"1659713101653","Stack.java","1.1.3 for 2021-2022 @t1",
"a","Down",,,"1659713102882","Stack.java","1.1.3 for 2021-2022 @t1",
"a","Up",,,"1659713103129","Stack.java","1.1.3 for 2021-2022 @t1",
"e",""," ","48","1659713105080","Stack.java","1.1.3 for 2021-2022 @t1",
"e",";","","66","1659713105080","Stack.java","1.1.3 for 2021-2022 @t1",
"k",";",,"67","1659713105081","Stack.java","1.1.3 for 2021-2022 @t1",
"a","Enter",,,"1659713105715","Stack.java","1.1.3 for 2021-2022 @t1",
"e","        
","","68","1659713105717","Stack.java","1.1.3 for 2021-2022 @t1",
"a","Backspace",,,"1659713106805","Stack.java","1.1.3 for 2021-2022 @t1",
"e",""," ","75","1659713106809","Stack.java","1.1.3 for 2021-2022 @t1",
"e","","   
    ","72","1659713106810","Stack.java","1.1.3 for 2021-2022 @t1",
"a","Regrouping…",,,"1659713111366","Stack.java","1.1.3 for 2021-2022 @t1",
"a","Move",,,"1659713112743","Stack.java","1.1.3 for 2021-2022 @t1",
"a","Set package name to 'com.usu'",,,"1659713119760","Stack.java","1.1.3 for 2021-2022 @t1",
